{"meta": {"format": 3, "version": "7.14.1", "timestamp": "2026-06-04T05:55:53.579286", "branch_coverage": false, "show_contexts": false}, "files": {"app/agent.py": {"executed_lines": [1, 3, 4, 5, 6, 7, 8, 9, 10, 11, 13, 14, 16, 18, 19, 21, 23, 60, 61, 62, 63, 66, 69, 78, 79, 80, 81, 82, 84, 85, 86, 87, 88, 89, 90, 91, 92, 93, 94, 95, 96, 99, 100, 103, 110, 111, 121, 122, 123, 126, 131, 132, 133, 134, 135, 136, 137, 138, 139, 141, 142, 143, 144, 147, 153, 154, 155, 156, 157, 158, 159, 160, 161, 162, 165, 175, 176, 177, 179, 180, 181, 182, 183, 184, 185, 188, 189, 190, 191, 192, 194, 196, 197, 198, 199, 200, 201, 202, 203, 204, 205, 207, 209, 210, 212, 213, 214, 215, 216, 217, 218, 219, 221, 224, 226, 227, 228, 229, 230, 235, 237, 238, 239, 244, 250, 251, 253, 258, 259, 260, 261, 274, 280, 281, 282, 283, 284, 285, 286, 287, 288, 289, 290, 291, 292, 293, 305, 306, 307, 308, 309, 310, 311, 312, 313, 314, 315, 318, 321, 338, 339, 340, 341, 344, 345, 346, 347, 348, 349, 350, 351, 352, 353, 354, 355, 357, 371, 372, 373, 379, 382, 385, 390, 398, 399, 400, 401, 402, 403, 405, 406, 407, 408, 409, 410, 419, 421, 422, 423, 438, 440, 441, 442, 444, 446, 447, 449, 450, 455, 458, 459, 461, 462, 463, 464, 467, 468, 469, 471, 480, 481, 482, 483, 484, 487, 488, 489, 490, 491, 492, 493, 494, 498, 499, 500, 501, 502, 511, 520, 521, 522, 529, 530, 531, 532, 537, 538, 539, 540, 541, 542, 543, 544, 546, 549, 551, 552, 555, 556, 559, 560, 561, 562, 563, 565, 570, 583, 585, 586, 587, 588, 589, 590, 591, 592, 593, 594, 595, 596, 597, 598, 599, 600, 601, 602, 603], "summary": {"covered_lines": 286, "num_statements": 346, "percent_covered": 82.65895953757226, "percent_covered_display": "83", "missing_lines": 60, "excluded_lines": 0, "percent_statements_covered": 82.65895953757226, "percent_statements_covered_display": "83"}, "missing_lines": [112, 113, 116, 117, 140, 186, 187, 206, 211, 231, 232, 380, 381, 383, 411, 413, 414, 416, 417, 424, 426, 427, 428, 429, 430, 431, 432, 433, 434, 435, 436, 448, 451, 452, 453, 460, 503, 504, 505, 506, 507, 508, 509, 510, 512, 513, 514, 515, 516, 517, 518, 523, 524, 525, 526, 527, 528, 533, 534, 547], "excluded_lines": [], "functions": {"parse_status": {"executed_lines": [78, 79, 80, 81, 82, 84, 85, 86, 87, 88, 89, 90, 91, 92, 93, 94, 95, 96], "summary": {"covered_lines": 18, "num_statements": 18, "percent_covered": 100.0, "percent_covered_display": "100", "missing_lines": 0, "excluded_lines": 0, "percent_statements_covered": 100.0, "percent_statements_covered_display": "100"}, "missing_lines": [], "excluded_lines": [], "start_line": 69}, "space_dir_for": {"executed_lines": [100], "summary": {"covered_lines": 1, "num_statements": 1, "percent_covered": 100.0, "percent_covered_display": "100", "missing_lines": 0, "excluded_lines": 0, "percent_statements_covered": 100.0, "percent_statements_covered_display": "100"}, "missing_lines": [], "excluded_lines": [], "start_line": 99}, "workspace_for": {"executed_lines": [110, 111, 121, 122, 123], "summary": {"covered_lines": 5, "num_statements": 9, "percent_covered": 55.55555555555556, "percent_covered_display": "56", "missing_lines": 4, "excluded_lines": 0, "percent_statements_covered": 55.55555555555556, "percent_statements_covered_display": "56"}, "missing_lines": [112, 113, 116, 117], "excluded_lines": [], "start_line": 103}, "_load_adopted_dirs": {"executed_lines": [131, 132, 133, 134, 135, 136, 137, 138, 139, 141, 142, 143, 144], "summary": {"covered_lines": 13, "num_statements": 14, "percent_covered": 92.85714285714286, "percent_covered_display": "93", "missing_lines": 1, "excluded_lines": 0, "percent_statements_covered": 92.85714285714286, "percent_statements_covered_display": "93"}, "missing_lines": [140], "excluded_lines": [], "start_line": 126}, "_read_hook_settings": {"executed_lines": [153, 154, 155, 156, 157, 158, 159, 160, 161, 162], "summary": {"covered_lines": 10, "num_statements": 10, "percent_covered": 100.0, "percent_covered_display": "100", "missing_lines": 0, "excluded_lines": 0, "percent_statements_covered": 100.0, "percent_statements_covered_display": "100"}, "missing_lines": [], "excluded_lines": [], "start_line": 147}, "_merge_hook_settings": {"executed_lines": [175, 176, 177, 179, 180, 181, 182, 183, 184, 185, 188, 189, 190, 191, 192, 194, 196, 197, 198, 199, 200, 201, 202, 203, 204, 205, 207, 209, 210, 212, 213, 214, 215, 216, 217, 218, 219, 221], "summary": {"covered_lines": 38, "num_statements": 42, "percent_covered": 90.47619047619048, "percent_covered_display": "90", "missing_lines": 4, "excluded_lines": 0, "percent_statements_covered": 90.47619047619048, "percent_statements_covered_display": "90"}, "missing_lines": [186, 187, 206, 211], "excluded_lines": [], "start_line": 165}, "_read_workspace_settings": {"executed_lines": [226, 227, 228, 229, 230], "summary": {"covered_lines": 5, "num_statements": 7, "percent_covered": 71.42857142857143, "percent_covered_display": "71", "missing_lines": 2, "excluded_lines": 0, "percent_statements_covered": 71.42857142857143, "percent_statements_covered_display": "71"}, "missing_lines": [231, 232], "excluded_lines": [], "start_line": 224}, "_write_workspace_settings": {"executed_lines": [237, 238, 239], "summary": {"covered_lines": 3, "num_statements": 3, "percent_covered": 100.0, "percent_covered_display": "100", "missing_lines": 0, "excluded_lines": 0, "percent_statements_covered": 100.0, "percent_statements_covered_display": "100"}, "missing_lines": [], "excluded_lines": [], "start_line": 235}, "_upgrade_instructions": {"executed_lines": [259, 260, 261], "summary": {"covered_lines": 3, "num_statements": 3, "percent_covered": 100.0, "percent_covered_display": "100", "missing_lines": 0, "excluded_lines": 0, "percent_statements_covered": 100.0, "percent_statements_covered_display": "100"}, "missing_lines": [], "excluded_lines": [], "start_line": 258}, "build_prompt": {"executed_lines": [280, 281, 282, 283, 284, 285, 286, 287, 288, 289, 290, 291, 292, 293], "summary": {"covered_lines": 14, "num_statements": 14, "percent_covered": 100.0, "percent_covered_display": "100", "missing_lines": 0, "excluded_lines": 0, "percent_statements_covered": 100.0, "percent_statements_covered_display": "100"}, "missing_lines": [], "excluded_lines": [], "start_line": 274}, "run_agent": {"executed_lines": [338, 339, 340, 341, 344, 345, 346, 347, 348, 349, 350, 351, 352, 353, 354, 355, 357, 371, 372, 373, 379, 382, 385, 390, 398, 399, 400, 401, 402, 403, 405, 419, 421, 438, 440, 441, 442, 444, 480, 481, 482, 483, 484, 487, 488, 489, 490, 491, 492, 493, 494, 498, 499, 500, 501, 502, 511, 520, 521, 522, 529, 530, 531, 532, 537, 538, 539, 540, 541, 542, 543, 544, 546, 549, 551, 552, 555, 556, 559, 560, 561, 562, 563, 565, 570], "summary": {"covered_lines": 85, "num_statements": 112, "percent_covered": 75.89285714285714, "percent_covered_display": "76", "missing_lines": 27, "excluded_lines": 0, "percent_statements_covered": 75.89285714285714, "percent_statements_covered_display": "76"}, "missing_lines": [380, 381, 383, 503, 504, 505, 506, 507, 508, 509, 510, 512, 513, 514, 515, 516, 517, 518, 523, 524, 525, 526, 527, 528, 533, 534, 547], "excluded_lines": [], "start_line": 321}, "run_agent.drain_stderr": {"executed_lines": [406, 407, 408, 409, 410], "summary": {"covered_lines": 5, "num_statements": 10, "percent_covered": 50.0, "percent_covered_display": "50", "missing_lines": 5, "excluded_lines": 0, "percent_statements_covered": 50.0, "percent_statements_covered_display": "50"}, "missing_lines": [411, 413, 414, 416, 417], "excluded_lines": [], "start_line": 405}, "run_agent.kill_on_cancel": {"executed_lines": [422, 423], "summary": {"covered_lines": 2, "num_statements": 14, "percent_covered": 14.285714285714286, "percent_covered_display": "14", "missing_lines": 12, "excluded_lines": 0, "percent_statements_covered": 14.285714285714286, "percent_statements_covered_display": "14"}, "missing_lines": [424, 426, 427, 428, 429, 430, 431, 432, 433, 434, 435, 436], "excluded_lines": [], "start_line": 421}, "run_agent.handle_line": {"executed_lines": [446, 447, 449, 450, 455, 458, 459, 461, 462, 463, 464, 467, 468, 469, 471], "summary": {"covered_lines": 15, "num_statements": 20, "percent_covered": 75.0, "percent_covered_display": "75", "missing_lines": 5, "excluded_lines": 0, "percent_statements_covered": 75.0, "percent_statements_covered_display": "75"}, "missing_lines": [448, 451, 452, 453, 460], "excluded_lines": [], "start_line": 444}, "_extract_assistant_text": {"executed_lines": [585, 586, 587, 588, 589, 590, 591, 592, 593, 594, 595, 596, 597, 598, 599, 600, 601, 602, 603], "summary": {"covered_lines": 19, "num_statements": 19, "percent_covered": 100.0, "percent_covered_display": "100", "missing_lines": 0, "excluded_lines": 0, "percent_statements_covered": 100.0, "percent_statements_covered_display": "100"}, "missing_lines": [], "excluded_lines": [], "start_line": 583}, "": {"executed_lines": [1, 3, 4, 5, 6, 7, 8, 9, 10, 11, 13, 14, 16, 18, 19, 21, 23, 60, 61, 62, 63, 66, 69, 99, 103, 126, 147, 165, 224, 235, 244, 250, 251, 253, 258, 274, 305, 306, 307, 308, 309, 310, 311, 312, 313, 314, 315, 318, 321, 583], "summary": {"covered_lines": 50, "num_statements": 50, "percent_covered": 100.0, "percent_covered_display": "100", "missing_lines": 0, "excluded_lines": 0, "percent_statements_covered": 100.0, "percent_statements_covered_display": "100"}, "missing_lines": [], "excluded_lines": [], "start_line": 1}}, "classes": {"Status": {"executed_lines": [], "summary": {"covered_lines": 0, "num_statements": 0, "percent_covered": 100.0, "percent_covered_display": "100", "missing_lines": 0, "excluded_lines": 0, "percent_statements_covered": 100.0, "percent_statements_covered_display": "100"}, "missing_lines": [], "excluded_lines": [], "start_line": 60}, "AgentResult": {"executed_lines": [], "summary": {"covered_lines": 0, "num_statements": 0, "percent_covered": 100.0, "percent_covered_display": "100", "missing_lines": 0, "excluded_lines": 0, "percent_statements_covered": 100.0, "percent_statements_covered_display": "100"}, "missing_lines": [], "excluded_lines": [], "start_line": 306}, "": {"executed_lines": [1, 3, 4, 5, 6, 7, 8, 9, 10, 11, 13, 14, 16, 18, 19, 21, 23, 60, 61, 62, 63, 66, 69, 78, 79, 80, 81, 82, 84, 85, 86, 87, 88, 89, 90, 91, 92, 93, 94, 95, 96, 99, 100, 103, 110, 111, 121, 122, 123, 126, 131, 132, 133, 134, 135, 136, 137, 138, 139, 141, 142, 143, 144, 147, 153, 154, 155, 156, 157, 158, 159, 160, 161, 162, 165, 175, 176, 177, 179, 180, 181, 182, 183, 184, 185, 188, 189, 190, 191, 192, 194, 196, 197, 198, 199, 200, 201, 202, 203, 204, 205, 207, 209, 210, 212, 213, 214, 215, 216, 217, 218, 219, 221, 224, 226, 227, 228, 229, 230, 235, 237, 238, 239, 244, 250, 251, 253, 258, 259, 260, 261, 274, 280, 281, 282, 283, 284, 285, 286, 287, 288, 289, 290, 291, 292, 293, 305, 306, 307, 308, 309, 310, 311, 312, 313, 314, 315, 318, 321, 338, 339, 340, 341, 344, 345, 346, 347, 348, 349, 350, 351, 352, 353, 354, 355, 357, 371, 372, 373, 379, 382, 385, 390, 398, 399, 400, 401, 402, 403, 405, 406, 407, 408, 409, 410, 419, 421, 422, 423, 438, 440, 441, 442, 444, 446, 447, 449, 450, 455, 458, 459, 461, 462, 463, 464, 467, 468, 469, 471, 480, 481, 482, 483, 484, 487, 488, 489, 490, 491, 492, 493, 494, 498, 499, 500, 501, 502, 511, 520, 521, 522, 529, 530, 531, 532, 537, 538, 539, 540, 541, 542, 543, 544, 546, 549, 551, 552, 555, 556, 559, 560, 561, 562, 563, 565, 570, 583, 585, 586, 587, 588, 589, 590, 591, 592, 593, 594, 595, 596, 597, 598, 599, 600, 601, 602, 603], "summary": {"covered_lines": 286, "num_statements": 346, "percent_covered": 82.65895953757226, "percent_covered_display": "83", "missing_lines": 60, "excluded_lines": 0, "percent_statements_covered": 82.65895953757226, "percent_statements_covered_display": "83"}, "missing_lines": [112, 113, 116, 117, 140, 186, 187, 206, 211, 231, 232, 380, 381, 383, 411, 413, 414, 416, 417, 424, 426, 427, 428, 429, 430, 431, 432, 433, 434, 435, 436, 448, 451, 452, 453, 460, 503, 504, 505, 506, 507, 508, 509, 510, 512, 513, 514, 515, 516, 517, 518, 523, 524, 525, 526, 527, 528, 533, 534, 547], "excluded_lines": [], "start_line": 1}}}, "app/api/__init__.py": {"executed_lines": [], "summary": {"covered_lines": 0, "num_statements": 0, "percent_covered": 100.0, "percent_covered_display": "100", "missing_lines": 0, "excluded_lines": 0, "percent_statements_covered": 100.0, "percent_statements_covered_display": "100"}, "missing_lines": [], "excluded_lines": [], "functions": {"": {"executed_lines": [], "summary": {"covered_lines": 0, "num_statements": 0, "percent_covered": 100.0, "percent_covered_display": "100", "missing_lines": 0, "excluded_lines": 0, "percent_statements_covered": 100.0, "percent_statements_covered_display": "100"}, "missing_lines": [], "excluded_lines": [], "start_line": 1}}, "classes": {"": {"executed_lines": [], "summary": {"covered_lines": 0, "num_statements": 0, "percent_covered": 100.0, "percent_covered_display": "100", "missing_lines": 0, "excluded_lines": 0, "percent_statements_covered": 100.0, "percent_statements_covered_display": "100"}, "missing_lines": [], "excluded_lines": [], "start_line": 1}}}, "app/api/activity.py": {"executed_lines": [1, 3, 5, 6, 7, 9, 12, 13, 16, 17, 20, 21, 26, 27, 28, 29, 31, 32, 33, 34, 35, 45], "summary": {"covered_lines": 22, "num_statements": 22, "percent_covered": 100.0, "percent_covered_display": "100", "missing_lines": 0, "excluded_lines": 0, "percent_statements_covered": 100.0, "percent_statements_covered_display": "100"}, "missing_lines": [], "excluded_lines": [], "functions": {"get_store": {"executed_lines": [13], "summary": {"covered_lines": 1, "num_statements": 1, "percent_covered": 100.0, "percent_covered_display": "100", "missing_lines": 0, "excluded_lines": 0, "percent_statements_covered": 100.0, "percent_statements_covered_display": "100"}, "missing_lines": [], "excluded_lines": [], "start_line": 12}, "get_space_store": {"executed_lines": [17], "summary": {"covered_lines": 1, "num_statements": 1, "percent_covered": 100.0, "percent_covered_display": "100", "missing_lines": 0, "excluded_lines": 0, "percent_statements_covered": 100.0, "percent_statements_covered_display": "100"}, "missing_lines": [], "excluded_lines": [], "start_line": 16}, "list_activity": {"executed_lines": [26, 27, 28, 29, 31, 32, 33, 34, 35, 45], "summary": {"covered_lines": 10, "num_statements": 10, "percent_covered": 100.0, "percent_covered_display": "100", "missing_lines": 0, "excluded_lines": 0, "percent_statements_covered": 100.0, "percent_statements_covered_display": "100"}, "missing_lines": [], "excluded_lines": [], "start_line": 21}, "": {"executed_lines": [1, 3, 5, 6, 7, 9, 12, 16, 20, 21], "summary": {"covered_lines": 10, "num_statements": 10, "percent_covered": 100.0, "percent_covered_display": "100", "missing_lines": 0, "excluded_lines": 0, "percent_statements_covered": 100.0, "percent_statements_covered_display": "100"}, "missing_lines": [], "excluded_lines": [], "start_line": 1}}, "classes": {"": {"executed_lines": [1, 3, 5, 6, 7, 9, 12, 13, 16, 17, 20, 21, 26, 27, 28, 29, 31, 32, 33, 34, 35, 45], "summary": {"covered_lines": 22, "num_statements": 22, "percent_covered": 100.0, "percent_covered_display": "100", "missing_lines": 0, "excluded_lines": 0, "percent_statements_covered": 100.0, "percent_statements_covered_display": "100"}, "missing_lines": [], "excluded_lines": [], "start_line": 1}}}, "app/api/adoption.py": {"executed_lines": [1, 3, 5, 6, 8, 9, 18, 20, 23, 24, 27, 28, 29, 30, 33, 34, 39, 40, 41, 43, 44, 50, 51, 52, 53, 56, 57, 63, 64, 65, 67, 68, 69, 70, 72], "summary": {"covered_lines": 35, "num_statements": 35, "percent_covered": 100.0, "percent_covered_display": "100", "missing_lines": 0, "excluded_lines": 0, "percent_statements_covered": 100.0, "percent_statements_covered_display": "100"}, "missing_lines": [], "excluded_lines": [], "functions": {"_get_space_store": {"executed_lines": [24], "summary": {"covered_lines": 1, "num_statements": 1, "percent_covered": 100.0, "percent_covered_display": "100", "missing_lines": 0, "excluded_lines": 0, "percent_statements_covered": 100.0, "percent_statements_covered_display": "100"}, "missing_lines": [], "excluded_lines": [], "start_line": 23}, "adopt_tool": {"executed_lines": [39, 40, 41, 43, 44, 50, 51, 52, 53], "summary": {"covered_lines": 9, "num_statements": 9, "percent_covered": 100.0, "percent_covered_display": "100", "missing_lines": 0, "excluded_lines": 0, "percent_statements_covered": 100.0, "percent_statements_covered_display": "100"}, "missing_lines": [], "excluded_lines": [], "start_line": 34}, "unadopt_tool": {"executed_lines": [63, 64, 65, 67, 68, 69, 70, 72], "summary": {"covered_lines": 8, "num_statements": 8, "percent_covered": 100.0, "percent_covered_display": "100", "missing_lines": 0, "excluded_lines": 0, "percent_statements_covered": 100.0, "percent_statements_covered_display": "100"}, "missing_lines": [], "excluded_lines": [], "start_line": 57}, "": {"executed_lines": [1, 3, 5, 6, 8, 9, 18, 20, 23, 27, 28, 29, 30, 33, 34, 56, 57], "summary": {"covered_lines": 17, "num_statements": 17, "percent_covered": 100.0, "percent_covered_display": "100", "missing_lines": 0, "excluded_lines": 0, "percent_statements_covered": 100.0, "percent_statements_covered_display": "100"}, "missing_lines": [], "excluded_lines": [], "start_line": 1}}, "classes": {"AdoptRequest": {"executed_lines": [], "summary": {"covered_lines": 0, "num_statements": 0, "percent_covered": 100.0, "percent_covered_display": "100", "missing_lines": 0, "excluded_lines": 0, "percent_statements_covered": 100.0, "percent_statements_covered_display": "100"}, "missing_lines": [], "excluded_lines": [], "start_line": 27}, "": {"executed_lines": [1, 3, 5, 6, 8, 9, 18, 20, 23, 24, 27, 28, 29, 30, 33, 34, 39, 40, 41, 43, 44, 50, 51, 52, 53, 56, 57, 63, 64, 65, 67, 68, 69, 70, 72], "summary": {"covered_lines": 35, "num_statements": 35, "percent_covered": 100.0, "percent_covered_display": "100", "missing_lines": 0, "excluded_lines": 0, "percent_statements_covered": 100.0, "percent_statements_covered_display": "100"}, "missing_lines": [], "excluded_lines": [], "start_line": 1}}}, "app/api/discovery.py": {"executed_lines": [1, 3, 4, 5, 6, 7, 8, 9, 11, 13, 14, 15, 22, 24, 26, 27, 28, 30, 33, 34, 45, 47, 48, 55, 56, 63, 73, 93, 103, 105, 106, 113, 114, 117, 122, 123, 124, 130, 131, 137, 148, 150, 151, 153, 164, 174, 175, 176, 181, 188, 194, 206, 208, 212, 217, 218, 220, 221, 222, 223, 225, 227, 228, 231, 233, 234, 237, 238, 243, 244, 245, 247, 248, 250, 252, 254, 259, 264, 272, 273, 275, 276, 278, 279, 281, 282, 284, 285, 286, 287, 288, 289, 290, 291, 292, 294, 295, 296, 300, 303, 322, 324, 325, 328, 329, 331, 334, 335, 336, 337, 340, 341, 345, 346, 347, 348, 349, 350, 351, 352, 354, 356, 357, 361, 362, 366, 369, 378, 379, 383, 385, 386, 393, 394, 400, 403, 418, 419, 421, 422, 423, 424, 426, 427, 428, 437, 438, 446, 447, 449, 450, 451, 452, 453, 454, 459, 460, 461, 462, 464, 465, 466, 474, 475, 481, 482, 483, 486, 487, 489, 490, 491], "summary": {"covered_lines": 172, "num_statements": 201, "percent_covered": 85.57213930348259, "percent_covered_display": "86", "missing_lines": 29, "excluded_lines": 4, "percent_statements_covered": 85.57213930348259, "percent_statements_covered_display": "86"}, "missing_lines": [57, 58, 59, 60, 107, 111, 115, 118, 119, 120, 209, 219, 229, 230, 232, 235, 239, 240, 241, 246, 297, 298, 326, 330, 342, 353, 355, 395, 396], "excluded_lines": [17, 18, 19, 20], "functions": {"_item_dict": {"executed_lines": [34], "summary": {"covered_lines": 1, "num_statements": 1, "percent_covered": 100.0, "percent_covered_display": "100", "missing_lines": 0, "excluded_lines": 0, "percent_statements_covered": 100.0, "percent_statements_covered_display": "100"}, "missing_lines": [], "excluded_lines": [], "start_line": 33}, "_build_diff": {"executed_lines": [47, 48, 55, 56], "summary": {"covered_lines": 4, "num_statements": 8, "percent_covered": 50.0, "percent_covered_display": "50", "missing_lines": 4, "excluded_lines": 0, "percent_statements_covered": 50.0, "percent_statements_covered_display": "50"}, "missing_lines": [57, 58, 59, 60], "excluded_lines": [], "start_line": 45}, "_build_merge_brief": {"executed_lines": [73], "summary": {"covered_lines": 1, "num_statements": 1, "percent_covered": 100.0, "percent_covered_display": "100", "missing_lines": 0, "excluded_lines": 0, "percent_statements_covered": 100.0, "percent_statements_covered_display": "100"}, "missing_lines": [], "excluded_lines": [], "start_line": 63}, "_auto_upgrade_tool": {"executed_lines": [103, 105, 106, 113, 114, 117, 122, 123, 124, 130, 131], "summary": {"covered_lines": 11, "num_statements": 17, "percent_covered": 64.70588235294117, "percent_covered_display": "65", "missing_lines": 6, "excluded_lines": 0, "percent_statements_covered": 64.70588235294117, "percent_statements_covered_display": "65"}, "missing_lines": [107, 111, 115, 118, 119, 120], "excluded_lines": [], "start_line": 93}, "_upsert_merge_task": {"executed_lines": [148, 150, 151, 153, 164, 174, 175, 176, 181, 188], "summary": {"covered_lines": 10, "num_statements": 10, "percent_covered": 100.0, "percent_covered_display": "100", "missing_lines": 0, "excluded_lines": 0, "percent_statements_covered": 100.0, "percent_statements_covered_display": "100"}, "missing_lines": [], "excluded_lines": [], "start_line": 137}, "_scan_adopted_after_refresh": {"executed_lines": [206, 208, 212, 217, 218, 220, 221, 222, 223, 225, 227, 228, 231, 233, 234, 237, 238, 243, 244, 245, 247, 248, 250, 252, 254, 259], "summary": {"covered_lines": 26, "num_statements": 36, "percent_covered": 72.22222222222223, "percent_covered_display": "72", "missing_lines": 10, "excluded_lines": 0, "percent_statements_covered": 72.22222222222223, "percent_statements_covered_display": "72"}, "missing_lines": [209, 219, 229, 230, 232, 235, 239, 240, 241, 246], "excluded_lines": [], "start_line": 194}, "_run_refresh": {"executed_lines": [272, 273, 275, 276, 278, 279, 281, 282, 284, 285, 286, 287, 288, 289, 290, 291, 292, 294, 295, 296, 300], "summary": {"covered_lines": 21, "num_statements": 23, "percent_covered": 91.30434782608695, "percent_covered_display": "91", "missing_lines": 2, "excluded_lines": 0, "percent_statements_covered": 91.30434782608695, "percent_statements_covered_display": "91"}, "missing_lines": [297, 298], "excluded_lines": [], "start_line": 264}, "_schedule_evolve_tasks": {"executed_lines": [322, 324, 325, 328, 329, 331, 334, 335, 336, 337, 340, 341, 345, 346, 347, 348, 349, 350, 351, 352, 354, 356, 357, 361, 362, 366, 369, 378, 379, 383, 385, 386, 393, 394, 400], "summary": {"covered_lines": 35, "num_statements": 42, "percent_covered": 83.33333333333333, "percent_covered_display": "83", "missing_lines": 7, "excluded_lines": 0, "percent_statements_covered": 83.33333333333333, "percent_statements_covered_display": "83"}, "missing_lines": [326, 330, 342, 353, 355, 395, 396], "excluded_lines": [], "start_line": 303}, "run_refresh_if_unlocked": {"executed_lines": [418, 419, 421, 422, 423, 424, 426, 427, 428], "summary": {"covered_lines": 9, "num_statements": 9, "percent_covered": 100.0, "percent_covered_display": "100", "missing_lines": 0, "excluded_lines": 0, "percent_statements_covered": 100.0, "percent_statements_covered_display": "100"}, "missing_lines": [], "excluded_lines": [], "start_line": 403}, "post_refresh": {"executed_lines": [446, 447, 449, 450, 451, 452, 453, 454, 459, 460, 461, 462, 464, 465, 466], "summary": {"covered_lines": 15, "num_statements": 15, "percent_covered": 100.0, "percent_covered_display": "100", "missing_lines": 0, "excluded_lines": 0, "percent_statements_covered": 100.0, "percent_statements_covered_display": "100"}, "missing_lines": [], "excluded_lines": [], "start_line": 438}, "list_tools": {"executed_lines": [481, 482, 483], "summary": {"covered_lines": 3, "num_statements": 3, "percent_covered": 100.0, "percent_covered_display": "100", "missing_lines": 0, "excluded_lines": 0, "percent_statements_covered": 100.0, "percent_statements_covered_display": "100"}, "missing_lines": [], "excluded_lines": [], "start_line": 475}, "list_sources": {"executed_lines": [489, 490, 491], "summary": {"covered_lines": 3, "num_statements": 3, "percent_covered": 100.0, "percent_covered_display": "100", "missing_lines": 0, "excluded_lines": 0, "percent_statements_covered": 100.0, "percent_statements_covered_display": "100"}, "missing_lines": [], "excluded_lines": [], "start_line": 487}, "": {"executed_lines": [1, 3, 4, 5, 6, 7, 8, 9, 11, 13, 14, 15, 22, 24, 26, 27, 28, 30, 33, 45, 63, 93, 137, 194, 264, 303, 403, 437, 438, 474, 475, 486, 487], "summary": {"covered_lines": 33, "num_statements": 33, "percent_covered": 100.0, "percent_covered_display": "100", "missing_lines": 0, "excluded_lines": 4, "percent_statements_covered": 100.0, "percent_statements_covered_display": "100"}, "missing_lines": [], "excluded_lines": [17, 18, 19, 20], "start_line": 1}}, "classes": {"": {"executed_lines": [1, 3, 4, 5, 6, 7, 8, 9, 11, 13, 14, 15, 22, 24, 26, 27, 28, 30, 33, 34, 45, 47, 48, 55, 56, 63, 73, 93, 103, 105, 106, 113, 114, 117, 122, 123, 124, 130, 131, 137, 148, 150, 151, 153, 164, 174, 175, 176, 181, 188, 194, 206, 208, 212, 217, 218, 220, 221, 222, 223, 225, 227, 228, 231, 233, 234, 237, 238, 243, 244, 245, 247, 248, 250, 252, 254, 259, 264, 272, 273, 275, 276, 278, 279, 281, 282, 284, 285, 286, 287, 288, 289, 290, 291, 292, 294, 295, 296, 300, 303, 322, 324, 325, 328, 329, 331, 334, 335, 336, 337, 340, 341, 345, 346, 347, 348, 349, 350, 351, 352, 354, 356, 357, 361, 362, 366, 369, 378, 379, 383, 385, 386, 393, 394, 400, 403, 418, 419, 421, 422, 423, 424, 426, 427, 428, 437, 438, 446, 447, 449, 450, 451, 452, 453, 454, 459, 460, 461, 462, 464, 465, 466, 474, 475, 481, 482, 483, 486, 487, 489, 490, 491], "summary": {"covered_lines": 172, "num_statements": 201, "percent_covered": 85.57213930348259, "percent_covered_display": "86", "missing_lines": 29, "excluded_lines": 4, "percent_statements_covered": 85.57213930348259, "percent_statements_covered_display": "86"}, "missing_lines": [57, 58, 59, 60, 107, 111, 115, 118, 119, 120, 209, 219, 229, 230, 232, 235, 239, 240, 241, 246, 297, 298, 326, 330, 342, 353, 355, 395, 396], "excluded_lines": [17, 18, 19, 20], "start_line": 1}}}, "app/api/harness_runs.py": {"executed_lines": [13, 15, 16, 17, 18, 19, 21, 22, 24, 25, 26, 27, 29, 31, 39, 40, 43, 45, 46, 47, 52, 55, 57, 60, 61, 69, 70, 76, 79, 80, 81, 82, 83, 84, 86, 87, 92, 93, 95, 96, 102, 105, 106, 120, 123, 124, 125, 126, 127, 128, 129, 130, 132, 133, 138, 139, 141, 142, 149, 150, 155, 156, 161, 162, 165, 166, 169, 170, 171, 172, 173, 176, 179, 183, 191, 206, 207, 209, 214, 215, 219, 222, 223, 224, 227, 228, 229, 230, 231, 235, 238, 239, 266, 269, 270, 271, 272, 273, 274, 275, 276, 278, 279, 284], "summary": {"covered_lines": 104, "num_statements": 109, "percent_covered": 95.41284403669725, "percent_covered_display": "95", "missing_lines": 5, "excluded_lines": 0, "percent_statements_covered": 95.41284403669725, "percent_statements_covered_display": "95"}, "missing_lines": [48, 97, 143, 232, 233], "excluded_lines": [], "functions": {"_get_pool": {"executed_lines": [40], "summary": {"covered_lines": 1, "num_statements": 1, "percent_covered": 100.0, "percent_covered_display": "100", "missing_lines": 0, "excluded_lines": 0, "percent_statements_covered": 100.0, "percent_statements_covered_display": "100"}, "missing_lines": [], "excluded_lines": [], "start_line": 39}, "_get_space_dir": {"executed_lines": [45, 46, 47, 52], "summary": {"covered_lines": 4, "num_statements": 5, "percent_covered": 80.0, "percent_covered_display": "80", "missing_lines": 1, "excluded_lines": 0, "percent_statements_covered": 80.0, "percent_statements_covered_display": "80"}, "missing_lines": [48], "excluded_lines": [], "start_line": 43}, "_run_state_path": {"executed_lines": [57], "summary": {"covered_lines": 1, "num_statements": 1, "percent_covered": 100.0, "percent_covered_display": "100", "missing_lines": 0, "excluded_lines": 0, "percent_statements_covered": 100.0, "percent_statements_covered_display": "100"}, "missing_lines": [], "excluded_lines": [], "start_line": 55}, "_utcnow_iso": {"executed_lines": [61], "summary": {"covered_lines": 1, "num_statements": 1, "percent_covered": 100.0, "percent_covered_display": "100", "missing_lines": 0, "excluded_lines": 0, "percent_statements_covered": 100.0, "percent_statements_covered_display": "100"}, "missing_lines": [], "excluded_lines": [], "start_line": 60}, "get_harness_run": {"executed_lines": [76, 79, 80, 81, 82, 83, 84, 86, 87, 92, 93, 95, 96, 102], "summary": {"covered_lines": 14, "num_statements": 15, "percent_covered": 93.33333333333333, "percent_covered_display": "93", "missing_lines": 1, "excluded_lines": 0, "percent_statements_covered": 93.33333333333333, "percent_statements_covered_display": "93"}, "missing_lines": [97], "excluded_lines": [], "start_line": 70}, "cancel_harness_run": {"executed_lines": [120, 123, 124, 125, 126, 127, 128, 129, 130, 132, 133, 138, 139, 141, 142, 149, 150, 155, 156, 161, 162, 165, 166, 169, 170, 171, 172, 173, 176, 179, 183], "summary": {"covered_lines": 31, "num_statements": 32, "percent_covered": 96.875, "percent_covered_display": "97", "missing_lines": 1, "excluded_lines": 0, "percent_statements_covered": 96.875, "percent_statements_covered_display": "97"}, "missing_lines": [143], "excluded_lines": [], "start_line": 106}, "_sse_harness_run_events": {"executed_lines": [206, 207, 209, 214, 215, 219, 222, 223, 224, 227, 228, 229, 230, 231, 235], "summary": {"covered_lines": 15, "num_statements": 17, "percent_covered": 88.23529411764706, "percent_covered_display": "88", "missing_lines": 2, "excluded_lines": 0, "percent_statements_covered": 88.23529411764706, "percent_statements_covered_display": "88"}, "missing_lines": [232, 233], "excluded_lines": [], "start_line": 191}, "stream_harness_run": {"executed_lines": [266, 269, 270, 271, 272, 273, 274, 275, 276, 278, 279, 284], "summary": {"covered_lines": 12, "num_statements": 12, "percent_covered": 100.0, "percent_covered_display": "100", "missing_lines": 0, "excluded_lines": 0, "percent_statements_covered": 100.0, "percent_statements_covered_display": "100"}, "missing_lines": [], "excluded_lines": [], "start_line": 239}, "": {"executed_lines": [13, 15, 16, 17, 18, 19, 21, 22, 24, 25, 26, 27, 29, 31, 39, 43, 55, 60, 69, 70, 105, 106, 191, 238, 239], "summary": {"covered_lines": 25, "num_statements": 25, "percent_covered": 100.0, "percent_covered_display": "100", "missing_lines": 0, "excluded_lines": 0, "percent_statements_covered": 100.0, "percent_statements_covered_display": "100"}, "missing_lines": [], "excluded_lines": [], "start_line": 1}}, "classes": {"": {"executed_lines": [13, 15, 16, 17, 18, 19, 21, 22, 24, 25, 26, 27, 29, 31, 39, 40, 43, 45, 46, 47, 52, 55, 57, 60, 61, 69, 70, 76, 79, 80, 81, 82, 83, 84, 86, 87, 92, 93, 95, 96, 102, 105, 106, 120, 123, 124, 125, 126, 127, 128, 129, 130, 132, 133, 138, 139, 141, 142, 149, 150, 155, 156, 161, 162, 165, 166, 169, 170, 171, 172, 173, 176, 179, 183, 191, 206, 207, 209, 214, 215, 219, 222, 223, 224, 227, 228, 229, 230, 231, 235, 238, 239, 266, 269, 270, 271, 272, 273, 274, 275, 276, 278, 279, 284], "summary": {"covered_lines": 104, "num_statements": 109, "percent_covered": 95.41284403669725, "percent_covered_display": "95", "missing_lines": 5, "excluded_lines": 0, "percent_statements_covered": 95.41284403669725, "percent_statements_covered_display": "95"}, "missing_lines": [48, 97, 143, 232, 233], "excluded_lines": [], "start_line": 1}}}, "app/api/harnesses.py": {"executed_lines": [20, 22, 23, 24, 26, 27, 29, 38, 39, 40, 41, 43, 45, 56, 59, 60, 61, 62, 63, 64, 67, 70, 71, 72, 73, 74, 75, 83, 84, 87, 88, 91, 92, 95, 97, 98, 99, 100, 105, 113, 114, 116, 117, 118, 121, 122, 126, 127, 128, 129, 130, 140, 141, 145, 146, 147, 148, 152, 153, 157, 160, 161, 163, 164, 165, 166, 167, 168, 174, 175, 179, 180, 181, 183, 184, 185, 186, 190, 191, 206, 207, 208, 213, 214, 218, 221, 222, 227, 228, 231, 232, 233, 234, 239, 240, 241, 242, 253, 254, 265, 266, 267, 268, 271, 272, 279, 281, 282, 299, 302, 303, 308, 310, 312], "summary": {"covered_lines": 114, "num_statements": 122, "percent_covered": 93.44262295081967, "percent_covered_display": "93", "missing_lines": 8, "excluded_lines": 0, "percent_statements_covered": 93.44262295081967, "percent_statements_covered_display": "93"}, "missing_lines": [201, 202, 209, 273, 274, 292, 293, 294], "excluded_lines": [], "functions": {"_get_store": {"executed_lines": [84], "summary": {"covered_lines": 1, "num_statements": 1, "percent_covered": 100.0, "percent_covered_display": "100", "missing_lines": 0, "excluded_lines": 0, "percent_statements_covered": 100.0, "percent_statements_covered_display": "100"}, "missing_lines": [], "excluded_lines": [], "start_line": 83}, "_get_task_store": {"executed_lines": [88], "summary": {"covered_lines": 1, "num_statements": 1, "percent_covered": 100.0, "percent_covered_display": "100", "missing_lines": 0, "excluded_lines": 0, "percent_statements_covered": 100.0, "percent_statements_covered_display": "100"}, "missing_lines": [], "excluded_lines": [], "start_line": 87}, "_get_worker_pool": {"executed_lines": [92], "summary": {"covered_lines": 1, "num_statements": 1, "percent_covered": 100.0, "percent_covered_display": "100", "missing_lines": 0, "excluded_lines": 0, "percent_statements_covered": 100.0, "percent_statements_covered_display": "100"}, "missing_lines": [], "excluded_lines": [], "start_line": 91}, "_get_space_dir": {"executed_lines": [97, 98, 99, 100, 105], "summary": {"covered_lines": 5, "num_statements": 5, "percent_covered": 100.0, "percent_covered_display": "100", "missing_lines": 0, "excluded_lines": 0, "percent_statements_covered": 100.0, "percent_statements_covered_display": "100"}, "missing_lines": [], "excluded_lines": [], "start_line": 95}, "list_harnesses": {"executed_lines": [116, 117, 118], "summary": {"covered_lines": 3, "num_statements": 3, "percent_covered": 100.0, "percent_covered_display": "100", "missing_lines": 0, "excluded_lines": 0, "percent_statements_covered": 100.0, "percent_statements_covered_display": "100"}, "missing_lines": [], "excluded_lines": [], "start_line": 114}, "create_harness": {"executed_lines": [126, 127, 128, 129, 130, 140, 141, 145, 146, 147, 148, 152, 153, 157], "summary": {"covered_lines": 14, "num_statements": 14, "percent_covered": 100.0, "percent_covered_display": "100", "missing_lines": 0, "excluded_lines": 0, "percent_statements_covered": 100.0, "percent_statements_covered_display": "100"}, "missing_lines": [], "excluded_lines": [], "start_line": 122}, "get_harness": {"executed_lines": [163, 164, 165, 166, 167, 168], "summary": {"covered_lines": 6, "num_statements": 6, "percent_covered": 100.0, "percent_covered_display": "100", "missing_lines": 0, "excluded_lines": 0, "percent_statements_covered": 100.0, "percent_statements_covered_display": "100"}, "missing_lines": [], "excluded_lines": [], "start_line": 161}, "update_harness": {"executed_lines": [179, 180, 181, 183, 184, 185, 186, 190, 191, 206, 207, 208, 213, 214, 218], "summary": {"covered_lines": 15, "num_statements": 18, "percent_covered": 83.33333333333333, "percent_covered_display": "83", "missing_lines": 3, "excluded_lines": 0, "percent_statements_covered": 83.33333333333333, "percent_statements_covered_display": "83"}, "missing_lines": [201, 202, 209], "excluded_lines": [], "start_line": 175}, "delete_harness": {"executed_lines": [227, 228, 231, 232, 233, 234, 239, 240, 241, 242], "summary": {"covered_lines": 10, "num_statements": 10, "percent_covered": 100.0, "percent_covered_display": "100", "missing_lines": 0, "excluded_lines": 0, "percent_statements_covered": 100.0, "percent_statements_covered_display": "100"}, "missing_lines": [], "excluded_lines": [], "start_line": 222}, "trigger_harness_run": {"executed_lines": [265, 266, 267, 268, 271, 272, 279, 281, 282, 299], "summary": {"covered_lines": 10, "num_statements": 15, "percent_covered": 66.66666666666667, "percent_covered_display": "67", "missing_lines": 5, "excluded_lines": 0, "percent_statements_covered": 66.66666666666667, "percent_statements_covered_display": "67"}, "missing_lines": [273, 274, 292, 293, 294], "excluded_lines": [], "start_line": 254}, "list_harness_runs": {"executed_lines": [308, 310, 312], "summary": {"covered_lines": 3, "num_statements": 3, "percent_covered": 100.0, "percent_covered_display": "100", "missing_lines": 0, "excluded_lines": 0, "percent_statements_covered": 100.0, "percent_statements_covered_display": "100"}, "missing_lines": [], "excluded_lines": [], "start_line": 303}, "": {"executed_lines": [20, 22, 23, 24, 26, 27, 29, 38, 39, 40, 41, 43, 45, 56, 59, 60, 61, 62, 63, 64, 67, 70, 71, 72, 73, 74, 75, 83, 87, 91, 95, 113, 114, 121, 122, 160, 161, 174, 175, 221, 222, 253, 254, 302, 303], "summary": {"covered_lines": 45, "num_statements": 45, "percent_covered": 100.0, "percent_covered_display": "100", "missing_lines": 0, "excluded_lines": 0, "percent_statements_covered": 100.0, "percent_statements_covered_display": "100"}, "missing_lines": [], "excluded_lines": [], "start_line": 1}}, "classes": {"HarnessCreate": {"executed_lines": [], "summary": {"covered_lines": 0, "num_statements": 0, "percent_covered": 100.0, "percent_covered_display": "100", "missing_lines": 0, "excluded_lines": 0, "percent_statements_covered": 100.0, "percent_statements_covered_display": "100"}, "missing_lines": [], "excluded_lines": [], "start_line": 56}, "HarnessUpdate": {"executed_lines": [], "summary": {"covered_lines": 0, "num_statements": 0, "percent_covered": 100.0, "percent_covered_display": "100", "missing_lines": 0, "excluded_lines": 0, "percent_statements_covered": 100.0, "percent_statements_covered_display": "100"}, "missing_lines": [], "excluded_lines": [], "start_line": 67}, "": {"executed_lines": [20, 22, 23, 24, 26, 27, 29, 38, 39, 40, 41, 43, 45, 56, 59, 60, 61, 62, 63, 64, 67, 70, 71, 72, 73, 74, 75, 83, 84, 87, 88, 91, 92, 95, 97, 98, 99, 100, 105, 113, 114, 116, 117, 118, 121, 122, 126, 127, 128, 129, 130, 140, 141, 145, 146, 147, 148, 152, 153, 157, 160, 161, 163, 164, 165, 166, 167, 168, 174, 175, 179, 180, 181, 183, 184, 185, 186, 190, 191, 206, 207, 208, 213, 214, 218, 221, 222, 227, 228, 231, 232, 233, 234, 239, 240, 241, 242, 253, 254, 265, 266, 267, 268, 271, 272, 279, 281, 282, 299, 302, 303, 308, 310, 312], "summary": {"covered_lines": 114, "num_statements": 122, "percent_covered": 93.44262295081967, "percent_covered_display": "93", "missing_lines": 8, "excluded_lines": 0, "percent_statements_covered": 93.44262295081967, "percent_statements_covered_display": "93"}, "missing_lines": [201, 202, 209, 273, 274, 292, 293, 294], "excluded_lines": [], "start_line": 1}}}, "app/api/memory.py": {"executed_lines": [1, 3, 4, 5, 7, 8, 9, 11, 12, 14, 16, 19, 20, 26, 27, 28, 29, 30, 31, 32, 33, 34, 35, 36, 37, 40, 41, 42, 43, 44, 45, 46, 47, 48, 49, 50, 51, 57, 58, 59, 60, 63, 64, 65, 66, 82, 83, 84, 85, 86, 87, 88, 91, 92, 93, 94, 95, 96, 97, 100, 101, 102, 103, 104, 119, 120, 123, 124, 125, 126, 127, 128, 129, 132, 133, 134, 135, 136, 137, 138, 141, 142, 143, 144, 145, 146, 147], "summary": {"covered_lines": 87, "num_statements": 87, "percent_covered": 100.0, "percent_covered_display": "100", "missing_lines": 0, "excluded_lines": 0, "percent_statements_covered": 100.0, "percent_statements_covered_display": "100"}, "missing_lines": [], "excluded_lines": [], "functions": {"get_store": {"executed_lines": [20], "summary": {"covered_lines": 1, "num_statements": 1, "percent_covered": 100.0, "percent_covered_display": "100", "missing_lines": 0, "excluded_lines": 0, "percent_statements_covered": 100.0, "percent_statements_covered_display": "100"}, "missing_lines": [], "excluded_lines": [], "start_line": 19}, "list_items": {"executed_lines": [59, 60], "summary": {"covered_lines": 2, "num_statements": 2, "percent_covered": 100.0, "percent_covered_display": "100", "missing_lines": 0, "excluded_lines": 0, "percent_statements_covered": 100.0, "percent_statements_covered_display": "100"}, "missing_lines": [], "excluded_lines": [], "start_line": 58}, "create_item": {"executed_lines": [65, 66], "summary": {"covered_lines": 2, "num_statements": 2, "percent_covered": 100.0, "percent_covered_display": "100", "missing_lines": 0, "excluded_lines": 0, "percent_statements_covered": 100.0, "percent_statements_covered_display": "100"}, "missing_lines": [], "excluded_lines": [], "start_line": 64}, "get_index": {"executed_lines": [84, 85, 86, 87, 88], "summary": {"covered_lines": 5, "num_statements": 5, "percent_covered": 100.0, "percent_covered_display": "100", "missing_lines": 0, "excluded_lines": 0, "percent_statements_covered": 100.0, "percent_statements_covered_display": "100"}, "missing_lines": [], "excluded_lines": [], "start_line": 83}, "get_item": {"executed_lines": [93, 94, 95, 96, 97], "summary": {"covered_lines": 5, "num_statements": 5, "percent_covered": 100.0, "percent_covered_display": "100", "missing_lines": 0, "excluded_lines": 0, "percent_statements_covered": 100.0, "percent_statements_covered_display": "100"}, "missing_lines": [], "excluded_lines": [], "start_line": 92}, "update_item": {"executed_lines": [102, 103, 104, 119, 120], "summary": {"covered_lines": 5, "num_statements": 5, "percent_covered": 100.0, "percent_covered_display": "100", "missing_lines": 0, "excluded_lines": 0, "percent_statements_covered": 100.0, "percent_statements_covered_display": "100"}, "missing_lines": [], "excluded_lines": [], "start_line": 101}, "confirm_item": {"executed_lines": [125, 126, 127, 128, 129], "summary": {"covered_lines": 5, "num_statements": 5, "percent_covered": 100.0, "percent_covered_display": "100", "missing_lines": 0, "excluded_lines": 0, "percent_statements_covered": 100.0, "percent_statements_covered_display": "100"}, "missing_lines": [], "excluded_lines": [], "start_line": 124}, "reject_item": {"executed_lines": [134, 135, 136, 137, 138], "summary": {"covered_lines": 5, "num_statements": 5, "percent_covered": 100.0, "percent_covered_display": "100", "missing_lines": 0, "excluded_lines": 0, "percent_statements_covered": 100.0, "percent_statements_covered_display": "100"}, "missing_lines": [], "excluded_lines": [], "start_line": 133}, "delete_item": {"executed_lines": [143, 144, 145, 146, 147], "summary": {"covered_lines": 5, "num_statements": 5, "percent_covered": 100.0, "percent_covered_display": "100", "missing_lines": 0, "excluded_lines": 0, "percent_statements_covered": 100.0, "percent_statements_covered_display": "100"}, "missing_lines": [], "excluded_lines": [], "start_line": 142}, "": {"executed_lines": [1, 3, 4, 5, 7, 8, 9, 11, 12, 14, 16, 19, 26, 27, 28, 29, 30, 31, 32, 33, 34, 35, 36, 37, 40, 41, 42, 43, 44, 45, 46, 47, 48, 49, 50, 51, 57, 58, 63, 64, 82, 83, 91, 92, 100, 101, 123, 124, 132, 133, 141, 142], "summary": {"covered_lines": 52, "num_statements": 52, "percent_covered": 100.0, "percent_covered_display": "100", "missing_lines": 0, "excluded_lines": 0, "percent_statements_covered": 100.0, "percent_statements_covered_display": "100"}, "missing_lines": [], "excluded_lines": [], "start_line": 1}}, "classes": {"CreateMemoryBody": {"executed_lines": [], "summary": {"covered_lines": 0, "num_statements": 0, "percent_covered": 100.0, "percent_covered_display": "100", "missing_lines": 0, "excluded_lines": 0, "percent_statements_covered": 100.0, "percent_statements_covered_display": "100"}, "missing_lines": [], "excluded_lines": [], "start_line": 26}, "UpdateMemoryBody": {"executed_lines": [], "summary": {"covered_lines": 0, "num_statements": 0, "percent_covered": 100.0, "percent_covered_display": "100", "missing_lines": 0, "excluded_lines": 0, "percent_statements_covered": 100.0, "percent_statements_covered_display": "100"}, "missing_lines": [], "excluded_lines": [], "start_line": 40}, "": {"executed_lines": [1, 3, 4, 5, 7, 8, 9, 11, 12, 14, 16, 19, 20, 26, 27, 28, 29, 30, 31, 32, 33, 34, 35, 36, 37, 40, 41, 42, 43, 44, 45, 46, 47, 48, 49, 50, 51, 57, 58, 59, 60, 63, 64, 65, 66, 82, 83, 84, 85, 86, 87, 88, 91, 92, 93, 94, 95, 96, 97, 100, 101, 102, 103, 104, 119, 120, 123, 124, 125, 126, 127, 128, 129, 132, 133, 134, 135, 136, 137, 138, 141, 142, 143, 144, 145, 146, 147], "summary": {"covered_lines": 87, "num_statements": 87, "percent_covered": 100.0, "percent_covered_display": "100", "missing_lines": 0, "excluded_lines": 0, "percent_statements_covered": 100.0, "percent_statements_covered_display": "100"}, "missing_lines": [], "excluded_lines": [], "start_line": 1}}}, "app/api/spaces.py": {"executed_lines": [1, 3, 4, 5, 6, 7, 8, 9, 10, 11, 13, 14, 15, 17, 23, 24, 35, 36, 38, 40, 43, 46, 47, 50, 51, 54, 55, 58, 59, 60, 61, 62, 63, 66, 67, 68, 71, 72, 73, 74, 75, 76, 77, 80, 81, 82, 83, 86, 91, 93, 94, 95, 106, 107, 108, 109, 110, 111, 112, 116, 117, 118, 119, 122, 123, 124, 125, 126, 127, 130, 131, 151, 152, 153, 154, 158, 159, 169, 170, 171, 173, 174, 175, 176, 179, 180, 183, 184, 190, 191, 198, 199, 200, 201, 202, 203, 208, 209, 210, 218, 219, 220, 227, 228, 229, 238, 239, 240, 241, 242, 243, 244, 245, 246, 247, 250, 251, 256, 257, 258, 259, 260, 261, 262, 268, 269, 270, 273, 274, 280, 281, 282, 283, 284, 285, 287, 288, 290, 295, 296, 297, 298, 300, 301, 302, 303, 304, 305, 306, 309, 310, 312, 313, 326, 329, 330, 331, 332, 333, 334, 335, 336, 337, 339, 341, 342, 344, 345, 347, 348, 350, 351, 354, 356, 357, 358, 362, 363, 364, 366, 367, 368, 370, 371, 373, 374, 375, 378, 379, 381, 382, 383, 384, 385, 387, 390, 392, 393, 394, 395, 396, 397, 400, 401, 402, 406, 412, 415, 416, 421, 422, 423, 424, 427, 428, 429, 430, 431, 432, 433, 434, 436, 437, 438, 439, 440, 441, 442, 443, 444, 445, 449, 450, 451, 452, 457, 458, 461, 462, 463, 467, 468, 469, 470, 479, 480, 481, 484, 485, 486, 487, 490, 493, 495, 496, 498, 499, 500, 505, 506, 508, 509, 511, 512], "summary": {"covered_lines": 264, "num_statements": 299, "percent_covered": 88.29431438127091, "percent_covered_display": "88", "missing_lines": 35, "excluded_lines": 0, "percent_statements_covered": 88.29431438127091, "percent_statements_covered_display": "88"}, "missing_lines": [133, 134, 135, 136, 137, 138, 139, 140, 172, 192, 193, 194, 195, 204, 205, 271, 272, 338, 340, 343, 346, 365, 372, 380, 398, 399, 446, 447, 453, 454, 464, 465, 501, 502, 510], "excluded_lines": [], "functions": {"get_space_store": {"executed_lines": [47], "summary": {"covered_lines": 1, "num_statements": 1, "percent_covered": 100.0, "percent_covered_display": "100", "missing_lines": 0, "excluded_lines": 0, "percent_statements_covered": 100.0, "percent_statements_covered_display": "100"}, "missing_lines": [], "excluded_lines": [], "start_line": 46}, "get_task_store": {"executed_lines": [51], "summary": {"covered_lines": 1, "num_statements": 1, "percent_covered": 100.0, "percent_covered_display": "100", "missing_lines": 0, "excluded_lines": 0, "percent_statements_covered": 100.0, "percent_statements_covered_display": "100"}, "missing_lines": [], "excluded_lines": [], "start_line": 50}, "get_pool": {"executed_lines": [55], "summary": {"covered_lines": 1, "num_statements": 1, "percent_covered": 100.0, "percent_covered_display": "100", "missing_lines": 0, "excluded_lines": 0, "percent_statements_covered": 100.0, "percent_statements_covered_display": "100"}, "missing_lines": [], "excluded_lines": [], "start_line": 54}, "_summarize_space": {"executed_lines": [91, 93, 94, 95], "summary": {"covered_lines": 4, "num_statements": 4, "percent_covered": 100.0, "percent_covered_display": "100", "missing_lines": 0, "excluded_lines": 0, "percent_statements_covered": 100.0, "percent_statements_covered_display": "100"}, "missing_lines": [], "excluded_lines": [], "start_line": 86}, "list_spaces": {"executed_lines": [108, 109, 110, 111, 112, 116, 117, 118, 119], "summary": {"covered_lines": 9, "num_statements": 9, "percent_covered": 100.0, "percent_covered_display": "100", "missing_lines": 0, "excluded_lines": 0, "percent_statements_covered": 100.0, "percent_statements_covered_display": "100"}, "missing_lines": [], "excluded_lines": [], "start_line": 107}, "get_space": {"executed_lines": [124, 125, 126, 127], "summary": {"covered_lines": 4, "num_statements": 4, "percent_covered": 100.0, "percent_covered_display": "100", "missing_lines": 0, "excluded_lines": 0, "percent_statements_covered": 100.0, "percent_statements_covered_display": "100"}, "missing_lines": [], "excluded_lines": [], "start_line": 123}, "stream_space": {"executed_lines": [], "summary": {"covered_lines": 0, "num_statements": 8, "percent_covered": 0.0, "percent_covered_display": "0", "missing_lines": 8, "excluded_lines": 0, "percent_statements_covered": 0.0, "percent_statements_covered_display": "0"}, "missing_lines": [133, 134, 135, 136, 137, 138, 139, 140], "excluded_lines": [], "start_line": 131}, "create_space": {"executed_lines": [153, 154, 158, 159, 169, 170, 171, 173, 174, 175, 176], "summary": {"covered_lines": 11, "num_statements": 12, "percent_covered": 91.66666666666667, "percent_covered_display": "92", "missing_lines": 1, "excluded_lines": 0, "percent_statements_covered": 91.66666666666667, "percent_statements_covered_display": "92"}, "missing_lines": [172], "excluded_lines": [], "start_line": 152}, "link_space_repo": {"executed_lines": [183, 184, 190, 191], "summary": {"covered_lines": 4, "num_statements": 8, "percent_covered": 50.0, "percent_covered_display": "50", "missing_lines": 4, "excluded_lines": 0, "percent_statements_covered": 50.0, "percent_statements_covered_display": "50"}, "missing_lines": [192, 193, 194, 195], "excluded_lines": [], "start_line": 180}, "unlink_space_repo": {"executed_lines": [200, 201, 202, 203], "summary": {"covered_lines": 4, "num_statements": 6, "percent_covered": 66.66666666666667, "percent_covered_display": "67", "missing_lines": 2, "excluded_lines": 0, "percent_statements_covered": 66.66666666666667, "percent_statements_covered_display": "67"}, "missing_lines": [204, 205], "excluded_lines": [], "start_line": 199}, "update_space": {"executed_lines": [210, 218, 219, 220, 227, 228, 229, 238, 239, 240, 241, 242, 243, 244, 245, 246, 247], "summary": {"covered_lines": 17, "num_statements": 17, "percent_covered": 100.0, "percent_covered_display": "100", "missing_lines": 0, "excluded_lines": 0, "percent_statements_covered": 100.0, "percent_statements_covered_display": "100"}, "missing_lines": [], "excluded_lines": [], "start_line": 209}, "delete_space": {"executed_lines": [256, 257, 258, 259, 260, 261, 262, 268, 269, 270, 273, 274], "summary": {"covered_lines": 12, "num_statements": 14, "percent_covered": 85.71428571428571, "percent_covered_display": "86", "missing_lines": 2, "excluded_lines": 0, "percent_statements_covered": 85.71428571428571, "percent_statements_covered_display": "86"}, "missing_lines": [271, 272], "excluded_lines": [], "start_line": 251}, "export_space": {"executed_lines": [282, 283, 284, 285, 287, 288, 290, 312, 313], "summary": {"covered_lines": 9, "num_statements": 9, "percent_covered": 100.0, "percent_covered_display": "100", "missing_lines": 0, "excluded_lines": 0, "percent_statements_covered": 100.0, "percent_statements_covered_display": "100"}, "missing_lines": [], "excluded_lines": [], "start_line": 281}, "export_space.gen": {"executed_lines": [295, 296, 297, 298, 300, 301, 302, 303, 304, 305, 306, 309, 310], "summary": {"covered_lines": 13, "num_statements": 13, "percent_covered": 100.0, "percent_covered_display": "100", "missing_lines": 0, "excluded_lines": 0, "percent_statements_covered": 100.0, "percent_statements_covered_display": "100"}, "missing_lines": [], "excluded_lines": [], "start_line": 290}, "_safe_extract": {"executed_lines": [329, 330, 331, 332, 333, 334, 335, 336, 337, 339, 341, 342, 344, 345, 347, 348, 350, 351, 354, 356, 357, 358, 362, 363, 364, 366, 367, 368, 370, 371, 373, 374, 375, 378, 379, 381, 382, 383, 384, 385, 387], "summary": {"covered_lines": 41, "num_statements": 48, "percent_covered": 85.41666666666667, "percent_covered_display": "85", "missing_lines": 7, "excluded_lines": 0, "percent_statements_covered": 85.41666666666667, "percent_statements_covered_display": "85"}, "missing_lines": [338, 340, 343, 346, 365, 372, 380], "excluded_lines": [], "start_line": 326}, "_sanitize_imported_tasks": {"executed_lines": [392, 393, 394, 395, 396, 397, 400, 401, 402, 406, 412], "summary": {"covered_lines": 11, "num_statements": 13, "percent_covered": 84.61538461538461, "percent_covered_display": "85", "missing_lines": 2, "excluded_lines": 0, "percent_statements_covered": 84.61538461538461, "percent_statements_covered_display": "85"}, "missing_lines": [398, 399], "excluded_lines": [], "start_line": 390}, "import_space": {"executed_lines": [421, 422, 423, 424, 427, 428, 429, 430, 431, 432, 433, 434, 436, 437, 438, 439, 440, 441, 442, 443, 444, 445, 449, 450, 451, 452, 457, 458, 461, 462, 463, 467, 468, 469, 470, 479, 480, 481, 484, 485, 486, 487, 490, 493, 495, 496, 498, 499, 500, 505, 506, 508, 509, 511, 512], "summary": {"covered_lines": 55, "num_statements": 64, "percent_covered": 85.9375, "percent_covered_display": "86", "missing_lines": 9, "excluded_lines": 0, "percent_statements_covered": 85.9375, "percent_statements_covered_display": "86"}, "missing_lines": [446, 447, 453, 454, 464, 465, 501, 502, 510], "excluded_lines": [], "start_line": 416}, "": {"executed_lines": [1, 3, 4, 5, 6, 7, 8, 9, 10, 11, 13, 14, 15, 17, 23, 24, 35, 36, 38, 40, 43, 46, 50, 54, 58, 59, 60, 61, 62, 63, 66, 67, 68, 71, 72, 73, 74, 75, 76, 77, 80, 81, 82, 83, 86, 106, 107, 122, 123, 130, 131, 151, 152, 179, 180, 198, 199, 208, 209, 250, 251, 280, 281, 326, 390, 415, 416], "summary": {"covered_lines": 67, "num_statements": 67, "percent_covered": 100.0, "percent_covered_display": "100", "missing_lines": 0, "excluded_lines": 0, "percent_statements_covered": 100.0, "percent_statements_covered_display": "100"}, "missing_lines": [], "excluded_lines": [], "start_line": 1}}, "classes": {"CreateSpaceBody": {"executed_lines": [], "summary": {"covered_lines": 0, "num_statements": 0, "percent_covered": 100.0, "percent_covered_display": "100", "missing_lines": 0, "excluded_lines": 0, "percent_statements_covered": 100.0, "percent_statements_covered_display": "100"}, "missing_lines": [], "excluded_lines": [], "start_line": 58}, "UpdateSpaceBody": {"executed_lines": [], "summary": {"covered_lines": 0, "num_statements": 0, "percent_covered": 100.0, "percent_covered_display": "100", "missing_lines": 0, "excluded_lines": 0, "percent_statements_covered": 100.0, "percent_statements_covered_display": "100"}, "missing_lines": [], "excluded_lines": [], "start_line": 71}, "LinkRepoBody": {"executed_lines": [], "summary": {"covered_lines": 0, "num_statements": 0, "percent_covered": 100.0, "percent_covered_display": "100", "missing_lines": 0, "excluded_lines": 0, "percent_statements_covered": 100.0, "percent_statements_covered_display": "100"}, "missing_lines": [], "excluded_lines": [], "start_line": 80}, "": {"executed_lines": [1, 3, 4, 5, 6, 7, 8, 9, 10, 11, 13, 14, 15, 17, 23, 24, 35, 36, 38, 40, 43, 46, 47, 50, 51, 54, 55, 58, 59, 60, 61, 62, 63, 66, 67, 68, 71, 72, 73, 74, 75, 76, 77, 80, 81, 82, 83, 86, 91, 93, 94, 95, 106, 107, 108, 109, 110, 111, 112, 116, 117, 118, 119, 122, 123, 124, 125, 126, 127, 130, 131, 151, 152, 153, 154, 158, 159, 169, 170, 171, 173, 174, 175, 176, 179, 180, 183, 184, 190, 191, 198, 199, 200, 201, 202, 203, 208, 209, 210, 218, 219, 220, 227, 228, 229, 238, 239, 240, 241, 242, 243, 244, 245, 246, 247, 250, 251, 256, 257, 258, 259, 260, 261, 262, 268, 269, 270, 273, 274, 280, 281, 282, 283, 284, 285, 287, 288, 290, 295, 296, 297, 298, 300, 301, 302, 303, 304, 305, 306, 309, 310, 312, 313, 326, 329, 330, 331, 332, 333, 334, 335, 336, 337, 339, 341, 342, 344, 345, 347, 348, 350, 351, 354, 356, 357, 358, 362, 363, 364, 366, 367, 368, 370, 371, 373, 374, 375, 378, 379, 381, 382, 383, 384, 385, 387, 390, 392, 393, 394, 395, 396, 397, 400, 401, 402, 406, 412, 415, 416, 421, 422, 423, 424, 427, 428, 429, 430, 431, 432, 433, 434, 436, 437, 438, 439, 440, 441, 442, 443, 444, 445, 449, 450, 451, 452, 457, 458, 461, 462, 463, 467, 468, 469, 470, 479, 480, 481, 484, 485, 486, 487, 490, 493, 495, 496, 498, 499, 500, 505, 506, 508, 509, 511, 512], "summary": {"covered_lines": 264, "num_statements": 299, "percent_covered": 88.29431438127091, "percent_covered_display": "88", "missing_lines": 35, "excluded_lines": 0, "percent_statements_covered": 88.29431438127091, "percent_statements_covered_display": "88"}, "missing_lines": [133, 134, 135, 136, 137, 138, 139, 140, 172, 192, 193, 194, 195, 204, 205, 271, 272, 338, 340, 343, 346, 365, 372, 380, 398, 399, 446, 447, 453, 454, 464, 465, 501, 502, 510], "excluded_lines": [], "start_line": 1}}}, "app/api/stats.py": {"executed_lines": [1, 3, 4, 6, 8, 9, 10, 12, 14, 15, 18, 19, 20, 21, 23, 26, 27, 28, 31, 32, 38, 39, 40, 41, 42, 43, 44, 45, 46, 47, 50, 51, 57, 58, 59, 60, 61, 62, 65, 66, 71, 72, 73, 74, 75, 76, 77, 78], "summary": {"covered_lines": 48, "num_statements": 49, "percent_covered": 97.95918367346938, "percent_covered_display": "98", "missing_lines": 1, "excluded_lines": 0, "percent_statements_covered": 97.95918367346938, "percent_statements_covered_display": "98"}, "missing_lines": [22], "excluded_lines": [], "functions": {"_get_stores": {"executed_lines": [19, 20, 21, 23], "summary": {"covered_lines": 4, "num_statements": 5, "percent_covered": 80.0, "percent_covered_display": "80", "missing_lines": 1, "excluded_lines": 0, "percent_statements_covered": 80.0, "percent_statements_covered_display": "80"}, "missing_lines": [22], "excluded_lines": [], "start_line": 18}, "_validate_range": {"executed_lines": [27, 28], "summary": {"covered_lines": 2, "num_statements": 2, "percent_covered": 100.0, "percent_covered_display": "100", "missing_lines": 0, "excluded_lines": 0, "percent_statements_covered": 100.0, "percent_statements_covered_display": "100"}, "missing_lines": [], "excluded_lines": [], "start_line": 26}, "get_task_stats": {"executed_lines": [38, 39, 40, 41, 42, 43, 44, 45, 46, 47], "summary": {"covered_lines": 10, "num_statements": 10, "percent_covered": 100.0, "percent_covered_display": "100", "missing_lines": 0, "excluded_lines": 0, "percent_statements_covered": 100.0, "percent_statements_covered_display": "100"}, "missing_lines": [], "excluded_lines": [], "start_line": 32}, "get_space_stats": {"executed_lines": [57, 58, 59, 60, 61, 62], "summary": {"covered_lines": 6, "num_statements": 6, "percent_covered": 100.0, "percent_covered_display": "100", "missing_lines": 0, "excluded_lines": 0, "percent_statements_covered": 100.0, "percent_statements_covered_display": "100"}, "missing_lines": [], "excluded_lines": [], "start_line": 51}, "get_global_stats": {"executed_lines": [71, 72, 73, 74, 75, 76, 77, 78], "summary": {"covered_lines": 8, "num_statements": 8, "percent_covered": 100.0, "percent_covered_display": "100", "missing_lines": 0, "excluded_lines": 0, "percent_statements_covered": 100.0, "percent_statements_covered_display": "100"}, "missing_lines": [], "excluded_lines": [], "start_line": 66}, "": {"executed_lines": [1, 3, 4, 6, 8, 9, 10, 12, 14, 15, 18, 26, 31, 32, 50, 51, 65, 66], "summary": {"covered_lines": 18, "num_statements": 18, "percent_covered": 100.0, "percent_covered_display": "100", "missing_lines": 0, "excluded_lines": 0, "percent_statements_covered": 100.0, "percent_statements_covered_display": "100"}, "missing_lines": [], "excluded_lines": [], "start_line": 1}}, "classes": {"": {"executed_lines": [1, 3, 4, 6, 8, 9, 10, 12, 14, 15, 18, 19, 20, 21, 23, 26, 27, 28, 31, 32, 38, 39, 40, 41, 42, 43, 44, 45, 46, 47, 50, 51, 57, 58, 59, 60, 61, 62, 65, 66, 71, 72, 73, 74, 75, 76, 77, 78], "summary": {"covered_lines": 48, "num_statements": 49, "percent_covered": 97.95918367346938, "percent_covered_display": "98", "missing_lines": 1, "excluded_lines": 0, "percent_statements_covered": 97.95918367346938, "percent_statements_covered_display": "98"}, "missing_lines": [22], "excluded_lines": [], "start_line": 1}}}, "app/api/tasks.py": {"executed_lines": [1, 3, 4, 5, 7, 8, 9, 11, 13, 14, 15, 16, 17, 18, 29, 30, 31, 33, 36, 37, 40, 41, 44, 45, 48, 55, 56, 57, 59, 60, 65, 68, 71, 72, 73, 74, 77, 78, 79, 80, 81, 82, 83, 84, 85, 86, 89, 90, 91, 92, 93, 94, 95, 96, 97, 100, 101, 102, 105, 106, 109, 110, 113, 114, 115, 118, 119, 120, 123, 124, 127, 128, 131, 132, 135, 136, 138, 148, 149, 151, 152, 153, 154, 155, 156, 158, 166, 167, 169, 170, 172, 180, 181, 182, 183, 184, 185, 187, 188, 189, 190, 191, 192, 193, 194, 200, 210, 211, 212, 213, 214, 215, 216, 217, 218, 226, 227, 229, 237, 238, 239, 255, 256, 257, 266, 267, 272, 273, 274, 275, 276, 277, 278, 280, 281, 283, 284, 285, 286, 287, 288, 289, 293, 294, 295, 296, 297, 300, 301, 302, 303, 304, 307, 308, 312, 313, 314, 315, 317, 318, 322, 323, 332, 333, 338, 339, 340, 341, 342, 343, 344, 345, 348, 349, 350, 351, 352, 353, 354, 369, 370, 373, 374, 375, 385, 389, 390, 401, 402, 405, 406, 409, 410, 413, 414, 415, 416, 419, 420, 421, 422, 425, 426, 427, 428, 431, 432, 433, 434, 435, 436, 437, 438, 442, 443, 446, 447, 448, 449, 452, 460, 461, 463, 464, 465, 468, 469, 470, 471, 472, 473, 475, 479, 480, 484, 485, 486, 487, 488, 490, 491, 494, 495, 496, 497, 498, 500, 501, 502, 503, 504, 507, 508, 509, 510, 512, 513, 514, 515, 517, 518, 519, 520, 523, 524, 531, 535, 536, 537, 540, 541, 543, 544, 545, 546, 548, 549, 550, 551, 552, 553, 554, 555, 558, 559, 584, 585, 598, 599, 600, 601, 602, 603, 604, 605, 606, 607, 610, 611, 612, 613, 614, 615, 616, 617, 620, 621, 622, 623, 624, 625, 626, 627, 628, 629, 632, 633, 634, 635, 636, 637, 638, 639, 640, 641, 644, 648, 649, 664, 665, 687, 688, 711, 712, 748, 749, 750, 751, 752, 755, 756, 757, 758, 760, 766, 767, 768, 769, 770, 773], "summary": {"covered_lines": 350, "num_statements": 463, "percent_covered": 75.5939524838013, "percent_covered_display": "76", "missing_lines": 113, "excluded_lines": 0, "percent_statements_covered": 75.5939524838013, "percent_statements_covered_display": "76"}, "missing_lines": [58, 61, 137, 241, 242, 247, 298, 316, 334, 335, 365, 366, 367, 368, 403, 404, 423, 424, 462, 481, 492, 505, 506, 525, 526, 527, 528, 529, 530, 532, 547, 560, 561, 562, 563, 564, 565, 569, 570, 571, 574, 575, 576, 577, 581, 586, 587, 645, 650, 651, 652, 653, 654, 655, 658, 659, 660, 661, 671, 672, 673, 674, 675, 676, 677, 678, 679, 680, 681, 682, 683, 684, 694, 695, 696, 697, 698, 700, 701, 702, 703, 704, 705, 706, 707, 708, 718, 719, 720, 721, 722, 723, 724, 725, 726, 727, 728, 729, 730, 731, 732, 733, 734, 735, 736, 737, 738, 761, 762, 763, 764, 771, 772], "excluded_lines": [], "functions": {"get_store": {"executed_lines": [37], "summary": {"covered_lines": 1, "num_statements": 1, "percent_covered": 100.0, "percent_covered_display": "100", "missing_lines": 0, "excluded_lines": 0, "percent_statements_covered": 100.0, "percent_statements_covered_display": "100"}, "missing_lines": [], "excluded_lines": [], "start_line": 36}, "get_space_store": {"executed_lines": [41], "summary": {"covered_lines": 1, "num_statements": 1, "percent_covered": 100.0, "percent_covered_display": "100", "missing_lines": 0, "excluded_lines": 0, "percent_statements_covered": 100.0, "percent_statements_covered_display": "100"}, "missing_lines": [], "excluded_lines": [], "start_line": 40}, "get_pool": {"executed_lines": [45], "summary": {"covered_lines": 1, "num_statements": 1, "percent_covered": 100.0, "percent_covered_display": "100", "missing_lines": 0, "excluded_lines": 0, "percent_statements_covered": 100.0, "percent_statements_covered_display": "100"}, "missing_lines": [], "excluded_lines": [], "start_line": 44}, "get_worker_for_task": {"executed_lines": [55, 56, 57, 59, 60, 65], "summary": {"covered_lines": 6, "num_statements": 8, "percent_covered": 75.0, "percent_covered_display": "75", "missing_lines": 2, "excluded_lines": 0, "percent_statements_covered": 75.0, "percent_statements_covered_display": "75"}, "missing_lines": [58, 61], "excluded_lines": [], "start_line": 48}, "_enrich_summary": {"executed_lines": [136, 138], "summary": {"covered_lines": 2, "num_statements": 3, "percent_covered": 66.66666666666667, "percent_covered_display": "67", "missing_lines": 1, "excluded_lines": 0, "percent_statements_covered": 66.66666666666667, "percent_statements_covered_display": "67"}, "missing_lines": [137], "excluded_lines": [], "start_line": 135}, "_apply_view_filter": {"executed_lines": [149, 151, 158], "summary": {"covered_lines": 3, "num_statements": 3, "percent_covered": 100.0, "percent_covered_display": "100", "missing_lines": 0, "excluded_lines": 0, "percent_statements_covered": 100.0, "percent_statements_covered_display": "100"}, "missing_lines": [], "excluded_lines": [], "start_line": 148}, "_apply_view_filter.filter_lane": {"executed_lines": [152, 153, 154, 155, 156], "summary": {"covered_lines": 5, "num_statements": 5, "percent_covered": 100.0, "percent_covered_display": "100", "missing_lines": 0, "excluded_lines": 0, "percent_statements_covered": 100.0, "percent_statements_covered_display": "100"}, "missing_lines": [], "excluded_lines": [], "start_line": 151}, "_enrich_board": {"executed_lines": [167, 169, 172], "summary": {"covered_lines": 3, "num_statements": 3, "percent_covered": 100.0, "percent_covered_display": "100", "missing_lines": 0, "excluded_lines": 0, "percent_statements_covered": 100.0, "percent_statements_covered_display": "100"}, "missing_lines": [], "excluded_lines": [], "start_line": 166}, "_enrich_board.fill": {"executed_lines": [170], "summary": {"covered_lines": 1, "num_statements": 1, "percent_covered": 100.0, "percent_covered_display": "100", "missing_lines": 0, "excluded_lines": 0, "percent_statements_covered": 100.0, "percent_statements_covered_display": "100"}, "missing_lines": [], "excluded_lines": [], "start_line": 169}, "_enrich_progress": {"executed_lines": [181, 182, 183, 184, 185, 187, 210, 229], "summary": {"covered_lines": 8, "num_statements": 8, "percent_covered": 100.0, "percent_covered_display": "100", "missing_lines": 0, "excluded_lines": 0, "percent_statements_covered": 100.0, "percent_statements_covered_display": "100"}, "missing_lines": [], "excluded_lines": [], "start_line": 180}, "_enrich_progress.make_child_item": {"executed_lines": [188, 189, 190, 191, 192, 193, 194, 200], "summary": {"covered_lines": 8, "num_statements": 8, "percent_covered": 100.0, "percent_covered_display": "100", "missing_lines": 0, "excluded_lines": 0, "percent_statements_covered": 100.0, "percent_statements_covered_display": "100"}, "missing_lines": [], "excluded_lines": [], "start_line": 187}, "_enrich_progress.fill": {"executed_lines": [211, 212, 213, 214, 215, 216, 217, 218, 226, 227], "summary": {"covered_lines": 10, "num_statements": 10, "percent_covered": 100.0, "percent_covered_display": "100", "missing_lines": 0, "excluded_lines": 0, "percent_statements_covered": 100.0, "percent_statements_covered_display": "100"}, "missing_lines": [], "excluded_lines": [], "start_line": 210}, "_annotate_running": {"executed_lines": [238, 239], "summary": {"covered_lines": 2, "num_statements": 4, "percent_covered": 50.0, "percent_covered_display": "50", "missing_lines": 2, "excluded_lines": 0, "percent_statements_covered": 50.0, "percent_statements_covered_display": "50"}, "missing_lines": [241, 247], "excluded_lines": [], "start_line": 237}, "_annotate_running.mark": {"executed_lines": [], "summary": {"covered_lines": 0, "num_statements": 1, "percent_covered": 0.0, "percent_covered_display": "0", "missing_lines": 1, "excluded_lines": 0, "percent_statements_covered": 0.0, "percent_statements_covered_display": "0"}, "missing_lines": [242], "excluded_lines": [], "start_line": 241}, "_build_task_read": {"executed_lines": [256, 257], "summary": {"covered_lines": 2, "num_statements": 2, "percent_covered": 100.0, "percent_covered_display": "100", "missing_lines": 0, "excluded_lines": 0, "percent_statements_covered": 100.0, "percent_statements_covered_display": "100"}, "missing_lines": [], "excluded_lines": [], "start_line": 255}, "list_tasks": {"executed_lines": [272, 273, 274, 275, 276, 277, 278, 280, 281, 283, 284, 285, 286, 287, 288, 289, 293, 294, 295, 296, 297, 300, 301, 302, 303, 304], "summary": {"covered_lines": 26, "num_statements": 27, "percent_covered": 96.29629629629629, "percent_covered_display": "96", "missing_lines": 1, "excluded_lines": 0, "percent_statements_covered": 96.29629629629629, "percent_statements_covered_display": "96"}, "missing_lines": [298], "excluded_lines": [], "start_line": 267}, "list_archived_tasks": {"executed_lines": [312, 313, 314, 315, 317, 318, 322, 323], "summary": {"covered_lines": 8, "num_statements": 9, "percent_covered": 88.88888888888889, "percent_covered_display": "89", "missing_lines": 1, "excluded_lines": 0, "percent_statements_covered": 88.88888888888889, "percent_statements_covered_display": "89"}, "missing_lines": [316], "excluded_lines": [], "start_line": 308}, "reorder_tasks": {"executed_lines": [], "summary": {"covered_lines": 0, "num_statements": 2, "percent_covered": 0.0, "percent_covered_display": "0", "missing_lines": 2, "excluded_lines": 0, "percent_statements_covered": 0.0, "percent_statements_covered_display": "0"}, "missing_lines": [334, 335], "excluded_lines": [], "start_line": 333}, "get_task": {"executed_lines": [340, 341, 342, 343, 344, 345], "summary": {"covered_lines": 6, "num_statements": 6, "percent_covered": 100.0, "percent_covered_display": "100", "missing_lines": 0, "excluded_lines": 0, "percent_statements_covered": 100.0, "percent_statements_covered_display": "100"}, "missing_lines": [], "excluded_lines": [], "start_line": 339}, "create_task": {"executed_lines": [350, 351, 352, 353, 354, 369, 370], "summary": {"covered_lines": 7, "num_statements": 11, "percent_covered": 63.63636363636363, "percent_covered_display": "64", "missing_lines": 4, "excluded_lines": 0, "percent_statements_covered": 63.63636363636363, "percent_statements_covered_display": "64"}, "missing_lines": [365, 366, 367, 368], "excluded_lines": [], "start_line": 349}, "update_task": {"executed_lines": [375, 385, 389, 390, 401, 402, 405, 406], "summary": {"covered_lines": 8, "num_statements": 10, "percent_covered": 80.0, "percent_covered_display": "80", "missing_lines": 2, "excluded_lines": 0, "percent_statements_covered": 80.0, "percent_statements_covered_display": "80"}, "missing_lines": [403, 404], "excluded_lines": [], "start_line": 374}, "transition_task": {"executed_lines": [413, 414, 415, 416, 419, 420, 421, 422, 425, 426, 427, 428], "summary": {"covered_lines": 12, "num_statements": 14, "percent_covered": 85.71428571428571, "percent_covered_display": "86", "missing_lines": 2, "excluded_lines": 0, "percent_statements_covered": 85.71428571428571, "percent_statements_covered_display": "86"}, "missing_lines": [423, 424], "excluded_lines": [], "start_line": 410}, "start_task": {"executed_lines": [433, 434, 435, 436, 437, 438, 442, 443, 446, 447, 448, 449], "summary": {"covered_lines": 12, "num_statements": 12, "percent_covered": 100.0, "percent_covered_display": "100", "missing_lines": 0, "excluded_lines": 0, "percent_statements_covered": 100.0, "percent_statements_covered_display": "100"}, "missing_lines": [], "excluded_lines": [], "start_line": 432}, "_goal_route": {"executed_lines": [460, 461, 463, 464, 465, 468, 469, 470, 471, 472, 473, 475, 479, 480], "summary": {"covered_lines": 14, "num_statements": 16, "percent_covered": 87.5, "percent_covered_display": "88", "missing_lines": 2, "excluded_lines": 0, "percent_statements_covered": 87.5, "percent_statements_covered_display": "88"}, "missing_lines": [462, 481], "excluded_lines": [], "start_line": 452}, "reply_to_task": {"executed_lines": [486, 487, 488, 490, 491, 494, 495, 496, 497, 498, 500, 501, 502, 503, 504, 507, 508, 509, 510, 512, 513, 514, 515, 517, 518, 519, 520, 523, 524, 531, 535, 536, 537], "summary": {"covered_lines": 33, "num_statements": 43, "percent_covered": 76.74418604651163, "percent_covered_display": "77", "missing_lines": 10, "excluded_lines": 0, "percent_statements_covered": 76.74418604651163, "percent_statements_covered_display": "77"}, "missing_lines": [492, 505, 506, 525, 526, 527, 528, 529, 530, 532], "excluded_lines": [], "start_line": 485}, "route_preview": {"executed_lines": [543, 544, 545, 546, 548, 549, 550, 551, 552, 553, 554, 555], "summary": {"covered_lines": 12, "num_statements": 13, "percent_covered": 92.3076923076923, "percent_covered_display": "92", "missing_lines": 1, "excluded_lines": 0, "percent_statements_covered": 92.3076923076923, "percent_statements_covered_display": "92"}, "missing_lines": [547], "excluded_lines": [], "start_line": 541}, "stop_task": {"executed_lines": [], "summary": {"covered_lines": 0, "num_statements": 14, "percent_covered": 0.0, "percent_covered_display": "0", "missing_lines": 14, "excluded_lines": 0, "percent_statements_covered": 0.0, "percent_statements_covered_display": "0"}, "missing_lines": [560, 561, 562, 563, 564, 565, 569, 570, 571, 574, 575, 576, 577, 581], "excluded_lines": [], "start_line": 559}, "stream_task": {"executed_lines": [], "summary": {"covered_lines": 0, "num_statements": 2, "percent_covered": 0.0, "percent_covered_display": "0", "missing_lines": 2, "excluded_lines": 0, "percent_statements_covered": 0.0, "percent_statements_covered_display": "0"}, "missing_lines": [586, 587], "excluded_lines": [], "start_line": 585}, "get_task_tree": {"executed_lines": [600, 601, 602, 603, 604, 605, 606, 607], "summary": {"covered_lines": 8, "num_statements": 8, "percent_covered": 100.0, "percent_covered_display": "100", "missing_lines": 0, "excluded_lines": 0, "percent_statements_covered": 100.0, "percent_statements_covered_display": "100"}, "missing_lines": [], "excluded_lines": [], "start_line": 599}, "promote_task": {"executed_lines": [612, 613, 614, 615, 616, 617], "summary": {"covered_lines": 6, "num_statements": 6, "percent_covered": 100.0, "percent_covered_display": "100", "missing_lines": 0, "excluded_lines": 0, "percent_statements_covered": 100.0, "percent_statements_covered_display": "100"}, "missing_lines": [], "excluded_lines": [], "start_line": 611}, "set_task_parent": {"executed_lines": [622, 623, 624, 625, 626, 627, 628, 629], "summary": {"covered_lines": 8, "num_statements": 8, "percent_covered": 100.0, "percent_covered_display": "100", "missing_lines": 0, "excluded_lines": 0, "percent_statements_covered": 100.0, "percent_statements_covered_display": "100"}, "missing_lines": [], "excluded_lines": [], "start_line": 621}, "set_task_depends_on": {"executed_lines": [634, 635, 636, 637, 638, 639, 640, 641], "summary": {"covered_lines": 8, "num_statements": 8, "percent_covered": 100.0, "percent_covered_display": "100", "missing_lines": 0, "excluded_lines": 0, "percent_statements_covered": 100.0, "percent_statements_covered_display": "100"}, "missing_lines": [], "excluded_lines": [], "start_line": 633}, "_task_workspace": {"executed_lines": [], "summary": {"covered_lines": 0, "num_statements": 1, "percent_covered": 0.0, "percent_covered_display": "0", "missing_lines": 1, "excluded_lines": 0, "percent_statements_covered": 0.0, "percent_statements_covered_display": "0"}, "missing_lines": [645], "excluded_lines": [], "start_line": 644}, "list_task_files": {"executed_lines": [], "summary": {"covered_lines": 0, "num_statements": 10, "percent_covered": 0.0, "percent_covered_display": "0", "missing_lines": 10, "excluded_lines": 0, "percent_statements_covered": 0.0, "percent_statements_covered_display": "0"}, "missing_lines": [650, 651, 652, 653, 654, 655, 658, 659, 660, 661], "excluded_lines": [], "start_line": 649}, "get_task_file": {"executed_lines": [], "summary": {"covered_lines": 0, "num_statements": 14, "percent_covered": 0.0, "percent_covered_display": "0", "missing_lines": 14, "excluded_lines": 0, "percent_statements_covered": 0.0, "percent_statements_covered_display": "0"}, "missing_lines": [671, 672, 673, 674, 675, 676, 677, 678, 679, 680, 681, 682, 683, 684], "excluded_lines": [], "start_line": 665}, "upload_task_file": {"executed_lines": [], "summary": {"covered_lines": 0, "num_statements": 14, "percent_covered": 0.0, "percent_covered_display": "0", "missing_lines": 14, "excluded_lines": 0, "percent_statements_covered": 0.0, "percent_statements_covered_display": "0"}, "missing_lines": [694, 695, 696, 697, 698, 700, 701, 702, 703, 704, 705, 706, 707, 708], "excluded_lines": [], "start_line": 688}, "update_task_file": {"executed_lines": [], "summary": {"covered_lines": 0, "num_statements": 21, "percent_covered": 0.0, "percent_covered_display": "0", "missing_lines": 21, "excluded_lines": 0, "percent_statements_covered": 0.0, "percent_statements_covered_display": "0"}, "missing_lines": [718, 719, 720, 721, 722, 723, 724, 725, 726, 727, 728, 729, 730, 731, 732, 733, 734, 735, 736, 737, 738], "excluded_lines": [], "start_line": 712}, "delete_task": {"executed_lines": [750, 751, 752, 755, 756, 757, 758, 760, 766, 767, 768, 769, 770, 773], "summary": {"covered_lines": 14, "num_statements": 20, "percent_covered": 70.0, "percent_covered_display": "70", "missing_lines": 6, "excluded_lines": 0, "percent_statements_covered": 70.0, "percent_statements_covered_display": "70"}, "missing_lines": [761, 762, 763, 764, 771, 772], "excluded_lines": [], "start_line": 749}, "": {"executed_lines": [1, 3, 4, 5, 7, 8, 9, 11, 13, 14, 15, 16, 17, 18, 29, 30, 31, 33, 36, 40, 44, 48, 68, 71, 72, 73, 74, 77, 78, 79, 80, 81, 82, 83, 84, 85, 86, 89, 90, 91, 92, 93, 94, 95, 96, 97, 100, 101, 102, 105, 106, 109, 110, 113, 114, 115, 118, 119, 120, 123, 124, 127, 128, 131, 132, 135, 148, 166, 180, 237, 255, 266, 267, 307, 308, 332, 333, 338, 339, 348, 349, 373, 374, 409, 410, 431, 432, 452, 484, 485, 540, 541, 558, 559, 584, 585, 598, 599, 610, 611, 620, 621, 632, 633, 644, 648, 649, 664, 665, 687, 688, 711, 712, 748, 749], "summary": {"covered_lines": 115, "num_statements": 115, "percent_covered": 100.0, "percent_covered_display": "100", "missing_lines": 0, "excluded_lines": 0, "percent_statements_covered": 100.0, "percent_statements_covered_display": "100"}, "missing_lines": [], "excluded_lines": [], "start_line": 1}}, "classes": {"TaskRead": {"executed_lines": [], "summary": {"covered_lines": 0, "num_statements": 0, "percent_covered": 100.0, "percent_covered_display": "100", "missing_lines": 0, "excluded_lines": 0, "percent_statements_covered": 100.0, "percent_statements_covered_display": "100"}, "missing_lines": [], "excluded_lines": [], "start_line": 68}, "CreateTaskBody": {"executed_lines": [], "summary": {"covered_lines": 0, "num_statements": 0, "percent_covered": 100.0, "percent_covered_display": "100", "missing_lines": 0, "excluded_lines": 0, "percent_statements_covered": 100.0, "percent_statements_covered_display": "100"}, "missing_lines": [], "excluded_lines": [], "start_line": 77}, "UpdateTaskBody": {"executed_lines": [], "summary": {"covered_lines": 0, "num_statements": 0, "percent_covered": 100.0, "percent_covered_display": "100", "missing_lines": 0, "excluded_lines": 0, "percent_statements_covered": 100.0, "percent_statements_covered_display": "100"}, "missing_lines": [], "excluded_lines": [], "start_line": 89}, "ReorderBody": {"executed_lines": [], "summary": {"covered_lines": 0, "num_statements": 0, "percent_covered": 100.0, "percent_covered_display": "100", "missing_lines": 0, "excluded_lines": 0, "percent_statements_covered": 100.0, "percent_statements_covered_display": "100"}, "missing_lines": [], "excluded_lines": [], "start_line": 100}, "TransitionBody": {"executed_lines": [], "summary": {"covered_lines": 0, "num_statements": 0, "percent_covered": 100.0, "percent_covered_display": "100", "missing_lines": 0, "excluded_lines": 0, "percent_statements_covered": 
[...]
lines": 17, "excluded_lines": 0, "percent_statements_covered": 54.054054054054056, "percent_statements_covered_display": "54"}, "missing_lines": [442, 446, 449, 454, 455, 459, 486, 487, 488, 494, 498, 502, 503, 510, 511, 524, 525], "excluded_lines": [], "start_line": 427}, "Worker._execute_harness_run._tools_resolver": {"executed_lines": [468], "summary": {"covered_lines": 1, "num_statements": 1, "percent_covered": 100.0, "percent_covered_display": "100", "missing_lines": 0, "excluded_lines": 0, "percent_statements_covered": 100.0, "percent_statements_covered_display": "100"}, "missing_lines": [], "excluded_lines": [], "start_line": 467}, "Worker._resume_harness_run": {"executed_lines": [535, 536, 538, 539, 543, 546, 547, 550, 551, 552, 557, 561], "summary": {"covered_lines": 12, "num_statements": 17, "percent_covered": 70.58823529411765, "percent_covered_display": "71", "missing_lines": 5, "excluded_lines": 0, "percent_statements_covered": 70.58823529411765, "percent_statements_covered_display": "71"}, "missing_lines": [540, 553, 554, 555, 559], "excluded_lines": [], "start_line": 529}, "Worker._run_initial_harness_run": {"executed_lines": [579, 580, 581, 583, 587, 588, 589, 590, 591, 592, 593, 594, 595, 596, 597, 598, 601, 602, 604, 611], "summary": {"covered_lines": 20, "num_statements": 25, "percent_covered": 80.0, "percent_covered_display": "80", "missing_lines": 5, "excluded_lines": 0, "percent_statements_covered": 80.0, "percent_statements_covered_display": "80"}, "missing_lines": [584, 599, 600, 605, 609], "excluded_lines": [], "start_line": 568}, "Worker._run_task": {"executed_lines": [619, 620, 627, 628, 641, 642, 643, 644, 650, 652, 653, 654, 655, 656, 657, 659, 662, 663, 664, 665, 666, 671, 672, 673, 674, 694, 696, 727], "summary": {"covered_lines": 28, "num_statements": 59, "percent_covered": 47.45762711864407, "percent_covered_display": "47", "missing_lines": 31, "excluded_lines": 0, "percent_statements_covered": 47.45762711864407, "percent_statements_covered_display": "47"}, "missing_lines": [621, 622, 629, 630, 636, 667, 668, 669, 670, 682, 683, 684, 688, 689, 690, 691, 692, 698, 699, 700, 701, 702, 709, 710, 711, 720, 721, 722, 723, 724, 725], "excluded_lines": [], "start_line": 618}, "Worker._run_task.on_event": {"executed_lines": [660], "summary": {"covered_lines": 1, "num_statements": 1, "percent_covered": 100.0, "percent_covered_display": "100", "missing_lines": 0, "excluded_lines": 0, "percent_statements_covered": 100.0, "percent_statements_covered_display": "100"}, "missing_lines": [], "excluded_lines": [], "start_line": 659}, "Worker._finalize": {"executed_lines": [737, 738, 741, 742, 743, 747, 748, 749, 750, 751, 754, 755, 756, 757, 758, 759, 760, 762, 763, 764, 765, 766, 767, 769, 770, 771, 772, 774, 775, 776, 777, 778, 779, 780, 781, 782, 783, 784, 785, 786, 787, 792, 793, 803, 806, 807, 817, 818, 819, 820, 821, 822, 825, 826, 830, 831, 835, 836, 839, 840, 841, 844, 845, 846, 847, 848, 864, 865, 869, 877, 878, 879, 880, 881, 882, 883, 886, 905, 906, 907, 908, 909, 910, 911, 945, 952, 953, 954, 955, 956, 961, 982, 983, 990, 991, 995, 996, 997, 1004, 1006, 1016, 1017, 1018, 1019, 1020, 1023, 1024, 1028], "summary": {"covered_lines": 108, "num_statements": 145, "percent_covered": 74.48275862068965, "percent_covered_display": "74", "missing_lines": 37, "excluded_lines": 0, "percent_statements_covered": 74.48275862068965, "percent_statements_covered_display": "74"}, "missing_lines": [752, 814, 815, 855, 856, 860, 861, 866, 867, 901, 902, 948, 949, 957, 958, 962, 963, 964, 965, 966, 967, 968, 969, 977, 978, 998, 999, 1025, 1026, 1027, 1029, 1030, 1032, 1033, 1034, 1035, 1036], "excluded_lines": [], "start_line": 729}, "Worker._finalize_child": {"executed_lines": [1047, 1048, 1050, 1054, 1059, 1060, 1062, 1064, 1066, 1069, 1070, 1071, 1072, 1075, 1076, 1077, 1085, 1090, 1091, 1101, 1120], "summary": {"covered_lines": 21, "num_statements": 50, "percent_covered": 42.0, "percent_covered_display": "42", "missing_lines": 29, "excluded_lines": 0, "percent_statements_covered": 42.0, "percent_statements_covered_display": "42"}, "missing_lines": [1051, 1052, 1053, 1055, 1056, 1057, 1061, 1063, 1067, 1068, 1073, 1074, 1078, 1079, 1080, 1082, 1083, 1098, 1099, 1102, 1103, 1104, 1105, 1106, 1107, 1108, 1109, 1117, 1118], "excluded_lines": [], "start_line": 1038}, "Worker._run_goal": {"executed_lines": [1124, 1125, 1129, 1130, 1131, 1132, 1133, 1135, 1137, 1138, 1141, 1142, 1146, 1149, 1150, 1151, 1152, 1153, 1155, 1156, 1157, 1160, 1161, 1162, 1167, 1169, 1176, 1177, 1183, 1184, 1188, 1189, 1194, 1196, 1197, 1198, 1199, 1200, 1206, 1209, 1210, 1211, 1212, 1213, 1214, 1216, 1222, 1223, 1224, 1227, 1231, 1232, 1233, 1234, 1235, 1236, 1242, 1243, 1256, 1257, 1261, 1267, 1273, 1280, 1284, 1285, 1286, 1287, 1289, 1292, 1296, 1297, 1298, 1299, 1304, 1305, 1306, 1311, 1312, 1314, 1315, 1325, 1327, 1333], "summary": {"covered_lines": 84, "num_statements": 123, "percent_covered": 68.29268292682927, "percent_covered_display": "68", "missing_lines": 39, "excluded_lines": 0, "percent_statements_covered": 68.29268292682927, "percent_statements_covered_display": "68"}, "missing_lines": [1126, 1127, 1143, 1144, 1145, 1147, 1158, 1170, 1171, 1174, 1178, 1179, 1180, 1181, 1185, 1207, 1208, 1237, 1238, 1239, 1240, 1252, 1253, 1254, 1268, 1269, 1270, 1271, 1281, 1282, 1293, 1294, 1295, 1322, 1323, 1334, 1335, 1336, 1337], "excluded_lines": [], "start_line": 1122}, "Worker._run_goal.on_child_event": {"executed_lines": [], "summary": {"covered_lines": 0, "num_statements": 2, "percent_covered": 0.0, "percent_covered_display": "0", "missing_lines": 2, "excluded_lines": 0, "percent_statements_covered": 0.0, "percent_statements_covered_display": "0"}, "missing_lines": [1228, 1229], "excluded_lines": [], "start_line": 1227}, "Worker._publish": {"executed_lines": [1346, 1347, 1348, 1350, 1351, 1352, 1353, 1355, 1356, 1359, 1360, 1364, 1365], "summary": {"covered_lines": 13, "num_statements": 29, "percent_covered": 44.827586206896555, "percent_covered_display": "45", "missing_lines": 16, "excluded_lines": 0, "percent_statements_covered": 44.827586206896555, "percent_statements_covered_display": "45"}, "missing_lines": [1349, 1357, 1358, 1361, 1362, 1366, 1367, 1368, 1369, 1370, 1371, 1372, 1373, 1374, 1375, 1376], "excluded_lines": [], "start_line": 1339}, "_extract_subagent_types": {"executed_lines": [1381, 1382, 1383, 1384, 1385, 1386, 1387, 1388, 1389, 1390, 1391, 1392, 1393, 1394, 1395, 1396, 1397, 1398, 1399, 1400, 1401, 1402, 1403, 1404, 1405, 1406], "summary": {"covered_lines": 26, "num_statements": 26, "percent_covered": 100.0, "percent_covered_display": "100", "missing_lines": 0, "excluded_lines": 0, "percent_statements_covered": 100.0, "percent_statements_covered_display": "100"}, "missing_lines": [], "excluded_lines": [], "start_line": 1379}, "sse_events": {"executed_lines": [], "summary": {"covered_lines": 0, "num_statements": 13, "percent_covered": 0.0, "percent_covered_display": "0", "missing_lines": 13, "excluded_lines": 0, "percent_statements_covered": 0.0, "percent_statements_covered_display": "0"}, "missing_lines": [1411, 1413, 1414, 1417, 1418, 1419, 1422, 1423, 1424, 1425, 1426, 1427, 1429], "excluded_lines": [], "start_line": 1409}, "sse_space_events": {"executed_lines": [], "summary": {"covered_lines": 0, "num_statements": 10, "percent_covered": 0.0, "percent_covered_display": "0", "missing_lines": 10, "excluded_lines": 0, "percent_statements_covered": 0.0, "percent_statements_covered_display": "0"}, "missing_lines": [1437, 1439, 1440, 1441, 1442, 1443, 1444, 1445, 1446, 1448], "excluded_lines": [], "start_line": 1432}, "": {"executed_lines": [1, 3, 4, 5, 6, 7, 8, 9, 10, 12, 13, 14, 15, 16, 17, 18, 19, 20, 28, 29, 30, 31, 33, 38, 40, 42, 53, 59, 69, 73, 76, 85, 88, 121, 153, 179, 220, 229, 275, 310, 319, 325, 329, 332, 336, 347, 360, 366, 372, 378, 382, 394, 417, 427, 529, 568, 618, 729, 1038, 1122, 1339, 1379, 1409, 1432], "summary": {"covered_lines": 64, "num_statements": 64, "percent_covered": 100.0, "percent_covered_display": "100", "missing_lines": 0, "excluded_lines": 3, "percent_statements_covered": 100.0, "percent_statements_covered_display": "100"}, "missing_lines": [], "excluded_lines": [34, 35, 36], "start_line": 1}}, "classes": {"_WorkerProtocolAdapter": {"executed_lines": [86, 160, 161, 162, 163, 165], "summary": {"covered_lines": 6, "num_statements": 40, "percent_covered": 15.0, "percent_covered_display": "15", "missing_lines": 34, "excluded_lines": 0, "percent_statements_covered": 15.0, "percent_statements_covered_display": "15"}, "missing_lines": [94, 95, 96, 97, 102, 104, 105, 106, 126, 127, 128, 129, 130, 131, 133, 134, 135, 140, 141, 148, 149, 151, 164, 166, 167, 168, 169, 170, 171, 172, 173, 174, 175, 176], "excluded_lines": [], "start_line": 76}, "Worker": {"executed_lines": [240, 241, 242, 243, 244, 245, 246, 247, 248, 249, 250, 254, 255, 257, 258, 259, 260, 262, 265, 270, 271, 288, 289, 290, 291, 292, 293, 295, 296, 297, 298, 299, 300, 301, 302, 303, 304, 305, 306, 317, 321, 326, 327, 330, 334, 342, 343, 344, 355, 356, 357, 358, 379, 380, 383, 385, 386, 387, 388, 395, 396, 397, 398, 399, 400, 401, 405, 406, 411, 412, 413, 414, 415, 418, 419, 422, 425, 441, 444, 445, 451, 452, 453, 465, 467, 468, 470, 471, 478, 484, 485, 491, 492, 514, 515, 516, 517, 527, 535, 536, 538, 539, 543, 546, 547, 550, 551, 552, 557, 561, 579, 580, 581, 583, 587, 588, 589, 590, 591, 592, 593, 594, 595, 596, 597, 598, 601, 602, 604, 611, 619, 620, 627, 628, 641, 642, 643, 644, 650, 652, 653, 654, 655, 656, 657, 659, 660, 662, 663, 664, 665, 666, 671, 672, 673, 674, 694, 696, 727, 737, 738, 741, 742, 743, 747, 748, 749, 750, 751, 754, 755, 756, 757, 758, 759, 760, 762, 763, 764, 765, 766, 767, 769, 770, 771, 772, 774, 775, 776, 777, 778, 779, 780, 781, 782, 783, 784, 785, 786, 787, 792, 793, 803, 806, 807, 817, 818, 819, 820, 821, 822, 825, 826, 830, 831, 835, 836, 839, 840, 841, 844, 845, 846, 847, 848, 864, 865, 869, 877, 878, 879, 880, 881, 882, 883, 886, 905, 906, 907, 908, 909, 910, 911, 945, 952, 953, 954, 955, 956, 961, 982, 983, 990, 991, 995, 996, 997, 1004, 1006, 1016, 1017, 1018, 1019, 1020, 1023, 1024, 1028, 1047, 1048, 1050, 1054, 1059, 1060, 1062, 1064, 1066, 1069, 1070, 1071, 1072, 1075, 1076, 1077, 1085, 1090, 1091, 1101, 1120, 1124, 1125, 1129, 1130, 1131, 1132, 1133, 1135, 1137, 1138, 1141, 1142, 1146, 1149, 1150, 1151, 1152, 1153, 1155, 1156, 1157, 1160, 1161, 1162, 1167, 1169, 1176, 1177, 1183, 1184, 1188, 1189, 1194, 1196, 1197, 1198, 1199, 1200, 1206, 1209, 1210, 1211, 1212, 1213, 1214, 1216, 1222, 1223, 1224, 1227, 1231, 1232, 1233, 1234, 1235, 1236, 1242, 1243, 1256, 1257, 1261, 1267, 1273, 1280, 1284, 1285, 1286, 1287, 1289, 1292, 1296, 1297, 1298, 1299, 1304, 1305, 1306, 1311, 1312, 1314, 1315, 1325, 1327, 1333, 1346, 1347, 1348, 1350, 1351, 1352, 1353, 1355, 1356, 1359, 1360, 1364, 1365], "summary": {"covered_lines": 385, "num_statements": 586, "percent_covered": 65.69965870307168, "percent_covered_display": "66", "missing_lines": 201, "excluded_lines": 0, "percent_statements_covered": 65.69965870307168, "percent_statements_covered_display": "66"}, "missing_lines": [294, 307, 308, 345, 361, 362, 363, 364, 368, 369, 370, 373, 374, 389, 390, 402, 403, 420, 421, 423, 442, 446, 449, 454, 455, 459, 486, 487, 488, 494, 498, 502, 503, 510, 511, 524, 525, 540, 553, 554, 555, 559, 584, 599, 600, 605, 609, 621, 622, 629, 630, 636, 667, 668, 669, 670, 682, 683, 684, 688, 689, 690, 691, 692, 698, 699, 700, 701, 702, 709, 710, 711, 720, 721, 722, 723, 724, 725, 752, 814, 815, 855, 856, 860, 861, 866, 867, 901, 902, 948, 949, 957, 958, 962, 963, 964, 965, 966, 967, 968, 969, 977, 978, 998, 999, 1025, 1026, 1027, 1029, 1030, 1032, 1033, 1034, 1035, 1036, 1051, 1052, 1053, 1055, 1056, 1057, 1061, 1063, 1067, 1068, 1073, 1074, 1078, 1079, 1080, 1082, 1083, 1098, 1099, 1102, 1103, 1104, 1105, 1106, 1107, 1108, 1109, 1117, 1118, 1126, 1127, 1143, 1144, 1145, 1147, 1158, 1170, 1171, 1174, 1178, 1179, 1180, 1181, 1185, 1207, 1208, 1228, 1229, 1237, 1238, 1239, 1240, 1252, 1253, 1254, 1268, 1269, 1270, 1271, 1281, 1282, 1293, 1294, 1295, 1322, 1323, 1334, 1335, 1336, 1337, 1349, 1357, 1358, 1361, 1362, 1366, 1367, 1368, 1369, 1370, 1371, 1372, 1373, 1374, 1375, 1376], "excluded_lines": [], "start_line": 220}, "": {"executed_lines": [1, 3, 4, 5, 6, 7, 8, 9, 10, 12, 13, 14, 15, 16, 17, 18, 19, 20, 28, 29, 30, 31, 33, 38, 40, 42, 53, 55, 56, 59, 61, 62, 63, 64, 69, 73, 76, 85, 88, 121, 153, 179, 186, 187, 188, 190, 191, 192, 193, 194, 195, 196, 198, 204, 205, 206, 207, 208, 209, 210, 211, 213, 217, 220, 229, 275, 310, 319, 325, 329, 332, 336, 347, 360, 366, 372, 378, 382, 394, 417, 427, 529, 568, 618, 729, 1038, 1122, 1339, 1379, 1381, 1382, 1383, 1384, 1385, 1386, 1387, 1388, 1389, 1390, 1391, 1392, 1393, 1394, 1395, 1396, 1397, 1398, 1399, 1400, 1401, 1402, 1403, 1404, 1405, 1406, 1409, 1432], "summary": {"covered_lines": 117, "num_statements": 143, "percent_covered": 81.81818181818181, "percent_covered_display": "82", "missing_lines": 26, "excluded_lines": 3, "percent_statements_covered": 81.81818181818181, "percent_statements_covered_display": "82"}, "missing_lines": [65, 214, 215, 1411, 1413, 1414, 1417, 1418, 1419, 1422, 1423, 1424, 1425, 1426, 1427, 1429, 1437, 1439, 1440, 1441, 1442, 1443, 1444, 1445, 1446, 1448], "excluded_lines": [34, 35, 36], "start_line": 1}}}, "app/worker_pool.py": {"executed_lines": [1, 3, 4, 6, 7, 8, 9, 10, 11, 12, 14, 17, 26, 34, 35, 36, 37, 38, 39, 40, 42, 47, 48, 49, 52, 53, 55, 56, 57, 58, 59, 61, 70, 71, 72, 73, 74, 76, 83, 84, 85, 87, 88, 89, 90, 91, 93, 101, 104, 116, 126, 129, 132, 133, 134, 135, 136, 137, 138, 140, 141], "summary": {"covered_lines": 61, "num_statements": 87, "percent_covered": 70.11494252873563, "percent_covered_display": "70", "missing_lines": 26, "excluded_lines": 0, "percent_statements_covered": 70.11494252873563, "percent_statements_covered_display": "70"}, "missing_lines": [50, 86, 95, 96, 97, 98, 99, 102, 106, 107, 108, 109, 110, 111, 112, 113, 114, 121, 122, 123, 124, 127, 130, 139, 142, 143], "excluded_lines": [], "functions": {"WorkerPool.__init__": {"executed_lines": [34, 35, 36, 37, 38, 39, 40], "summary": {"covered_lines": 7, "num_statements": 7, "percent_covered": 100.0, "percent_covered_display": "100", "missing_lines": 0, "excluded_lines": 0, "percent_statements_covered": 100.0, "percent_statements_covered_display": "100"}, "missing_lines": [], "excluded_lines": [], "start_line": 26}, "WorkerPool.start_for_space": {"executed_lines": [47, 48, 49, 52, 53, 55, 61, 70, 71, 72, 73, 74], "summary": {"covered_lines": 12, "num_statements": 13, "percent_covered": 92.3076923076923, "percent_covered_display": "92", "missing_lines": 1, "excluded_lines": 0, "percent_statements_covered": 92.3076923076923, "percent_statements_covered_display": "92"}, "missing_lines": [50], "excluded_lines": [], "start_line": 42}, "WorkerPool.start_for_space._on_idle": {"executed_lines": [56, 57, 58, 59], "summary": {"covered_lines": 4, "num_statements": 4, "percent_covered": 100.0, "percent_covered_display": "100", "missing_lines": 0, "excluded_lines": 0, "percent_statements_covered": 100.0, "percent_statements_covered_display": "100"}, "missing_lines": [], "excluded_lines": [], "start_line": 55}, "WorkerPool.stop_for_space": {"executed_lines": [83, 84, 85, 87, 88, 89, 90, 91], "summary": {"covered_lines": 8, "num_statements": 9, "percent_covered": 88.88888888888889, "percent_covered_display": "89", "missing_lines": 1, "excluded_lines": 0, "percent_statements_covered": 88.88888888888889, "percent_statements_covered_display": "89"}, "missing_lines": [86], "excluded_lines": [], "start_line": 76}, "WorkerPool.enqueue": {"executed_lines": [], "summary": {"covered_lines": 0, "num_statements": 5, "percent_covered": 0.0, "percent_covered_display": "0", "missing_lines": 5, "excluded_lines": 0, "percent_statements_covered": 0.0, "percent_statements_covered_display": "0"}, "missing_lines": [95, 96, 97, 98, 99], "excluded_lines": [], "start_line": 93}, "WorkerPool.get": {"executed_lines": [], "summary": {"covered_lines": 0, "num_statements": 1, "percent_covered": 0.0, "percent_covered_display": "0", "missing_lines": 1, "excluded_lines": 0, "percent_statements_covered": 0.0, "percent_statements_covered_display": "0"}, "missing_lines": [102], "excluded_lines": [], "start_line": 101}, "WorkerPool.running_ids": {"executed_lines": [], "summary": {"covered_lines": 0, "num_statements": 9, "percent_covered": 0.0, "percent_covered_display": "0", "missing_lines": 9, "excluded_lines": 0, "percent_statements_covered": 0.0, "percent_statements_covered_display": "0"}, "missing_lines": [106, 107, 108, 109, 110, 111, 112, 113, 114], "excluded_lines": [], "start_line": 104}, "WorkerPool.get_for_task": {"executed_lines": [], "summary": {"covered_lines": 0, "num_statements": 4, "percent_covered": 0.0, "percent_covered_display": "0", "missing_lines": 4, "excluded_lines": 0, "percent_statements_covered": 0.0, "percent_statements_covered_display": "0"}, "missing_lines": [121, 122, 123, 124], "excluded_lines": [], "start_line": 116}, "WorkerPool.all_workers": {"executed_lines": [], "summary": {"covered_lines": 0, "num_statements": 1, "percent_covered": 0.0, "percent_covered_display": "0", "missing_lines": 1, "excluded_lines": 0, "percent_statements_covered": 0.0, "percent_statements_covered_display": "0"}, "missing_lines": [127], "excluded_lines": [], "start_line": 126}, "WorkerPool.items": {"executed_lines": [], "summary": {"covered_lines": 0, "num_statements": 1, "percent_covered": 0.0, "percent_covered_display": "0", "missing_lines": 1, "excluded_lines": 0, "percent_statements_covered": 0.0, "percent_statements_covered_display": "0"}, "missing_lines": [130], "excluded_lines": [], "start_line": 129}, "WorkerPool.stop_all": {"executed_lines": [133, 134, 135, 136, 137, 138, 140, 141], "summary": {"covered_lines": 8, "num_statements": 11, "percent_covered": 72.72727272727273, "percent_covered_display": "73", "missing_lines": 3, "excluded_lines": 0, "percent_statements_covered": 72.72727272727273, "percent_statements_covered_display": "73"}, "missing_lines": [139, 142, 143], "excluded_lines": [], "start_line": 132}, "": {"executed_lines": [1, 3, 4, 6, 7, 8, 9, 10, 11, 12, 14, 17, 26, 42, 76, 93, 101, 104, 116, 126, 129, 132], "summary": {"covered_lines": 22, "num_statements": 22, "percent_covered": 100.0, "percent_covered_display": "100", "missing_lines": 0, "excluded_lines": 0, "percent_statements_covered": 100.0, "percent_statements_covered_display": "100"}, "missing_lines": [], "excluded_lines": [], "start_line": 1}}, "classes": {"WorkerPool": {"executed_lines": [34, 35, 36, 37, 38, 39, 40, 47, 48, 49, 52, 53, 55, 56, 57, 58, 59, 61, 70, 71, 72, 73, 74, 83, 84, 85, 87, 88, 89, 90, 91, 133, 134, 135, 136, 137, 138, 140, 141], "summary": {"covered_lines": 39, "num_statements": 65, "percent_covered": 60.0, "percent_covered_display": "60", "missing_lines": 26, "excluded_lines": 0, "percent_statements_covered": 60.0, "percent_statements_covered_display": "60"}, "missing_lines": [50, 86, 95, 96, 97, 98, 99, 102, 106, 107, 108, 109, 110, 111, 112, 113, 114, 121, 122, 123, 124, 127, 130, 139, 142, 143], "excluded_lines": [], "start_line": 17}, "": {"executed_lines": [1, 3, 4, 6, 7, 8, 9, 10, 11, 12, 14, 17, 26, 42, 76, 93, 101, 104, 116, 126, 129, 132], "summary": {"covered_lines": 22, "num_statements": 22, "percent_covered": 100.0, "percent_covered_display": "100", "missing_lines": 0, "excluded_lines": 0, "percent_statements_covered": 100.0, "percent_statements_covered_display": "100"}, "missing_lines": [], "excluded_lines": [], "start_line": 1}}}}, "totals": {"covered_lines": 7763, "num_statements": 9258, "percent_covered": 83.85180384532296, "percent_covered_display": "84", "missing_lines": 1495, "excluded_lines": 134, "percent_statements_covered": 83.85180384532296, "percent_statements_covered_display": "84"}}